2025-01-04 17:01:07,616 - Ошибка при запросе к Telegram API: Cannot connect to host api.telegram.org:443 ssl:<ssl.SSLContext object at 0x000002DD46A7D400> [getaddrinfo failed]
2025-01-04 17:01:07,993 - Ошибка при запросе к Blockstream API для адреса 17Hcj8cjPbTWGXJeWrDChRX4kCpWN4XFYA: Cannot connect to host blockstream.info:443 ssl:default [getaddrinfo failed]
2025-01-04 17:01:07,997 - Ошибка при запросе к Blockstream API для адреса 12cTpZfSCTurbugiWjfUSPqhYT95kWkscb: Cannot connect to host blockstream.info:443 ssl:default [getaddrinfo failed]
2025-01-04 17:01:07,997 - Ошибка при запросе к Blockstream API для адреса 15sTADzjrteL9brjn8twCaiTwmQPogW3iy: Cannot connect to host blockstream.info:443 ssl:default [getaddrinfo failed]
2025-01-04 17:01:07,998 - Ошибка при запросе к Blockstream API для адреса 1Dwk8Vd7N4izaFWbzcHFoHnF8ueGBoNqu3: Cannot connect to host blockstream.info:443 ssl:default [getaddrinfo failed]
2025-01-04 17:01:07,999 - Ошибка при запросе к Blockstream API для адреса 1CNTSiGZ1TcipT6CZhqpBP3M9RP19oEjtf: Cannot connect to host blockstream.info:443 ssl:default [getaddrinfo failed]
2025-01-04 17:01:08,002 - Ошибка при запросе к Blockchain API для адреса 12cTpZfSCTurbugiWjfUSPqhYT95kWkscb: Cannot connect to host blockchain.info:443 ssl:default [getaddrinfo failed]
2025-01-04 17:01:08,003 - Ошибка при запросе к Blockchain API для адреса 17Hcj8cjPbTWGXJeWrDChRX4kCpWN4XFYA: Cannot connect to host blockchain.info:443 ssl:default [getaddrinfo failed]
2025-01-04 17:01:08,003 - Ошибка при запросе к Blockchain API для адреса 15sTADzjrteL9brjn8twCaiTwmQPogW3iy: Cannot connect to host blockchain.info:443 ssl:default [getaddrinfo failed]
2025-01-04 17:01:08,004 - Ошибка при запросе к Blockchain API для адреса 1Dwk8Vd7N4izaFWbzcHFoHnF8ueGBoNqu3: Cannot connect to host blockchain.info:443 ssl:default [getaddrinfo failed]
2025-01-04 17:01:08,005 - Ошибка при запросе к Blockchain API для адреса 1CNTSiGZ1TcipT6CZhqpBP3M9RP19oEjtf: Cannot connect to host blockchain.info:443 ssl:default [getaddrinfo failed]
2025-01-04 17:01:08,010 - Ошибка при запросе к Blockchair API для адреса 15sTADzjrteL9brjn8twCaiTwmQPogW3iy: Cannot connect to host api.blockchair.com:443 ssl:default [getaddrinfo failed]
2025-01-04 17:01:08,010 - Ошибка при запросе к Blockchair API для адреса 12cTpZfSCTurbugiWjfUSPqhYT95kWkscb: Cannot connect to host api.blockchair.com:443 ssl:default [getaddrinfo failed]
2025-01-04 17:01:08,011 - Ошибка при запросе к Blockchair API для адреса 17Hcj8cjPbTWGXJeWrDChRX4kCpWN4XFYA: Cannot connect to host api.blockchair.com:443 ssl:default [getaddrinfo failed]
2025-01-04 17:01:08,021 - Ошибка при запросе к Blockchair API для адреса 1Dwk8Vd7N4izaFWbzcHFoHnF8ueGBoNqu3: Cannot connect to host api.blockchair.com:443 ssl:default [getaddrinfo failed]
2025-01-04 17:01:08,034 - Ошибка при запросе к Blockchair API для адреса 1CNTSiGZ1TcipT6CZhqpBP3M9RP19oEjtf: Cannot connect to host api.blockchair.com:443 ssl:default [getaddrinfo failed]
2025-01-04 17:01:08,348 - Ошибка при запросе к Blockstream API для адреса 1NHeVAibNGtCG9ajYDQjNsQdxZvRuojH5B: Cannot connect to host blockstream.info:443 ssl:default [getaddrinfo failed]
2025-01-04 17:01:08,350 - Ошибка при запросе к Blockstream API для адреса 1HayuF254bx9ejCess2PxAw7z4iB3gQNSh: Cannot connect to host blockstream.info:443 ssl:default [getaddrinfo failed]
2025-01-04 17:01:08,351 - Ошибка при запросе к Blockstream API для адреса 17j3gCKGebyVUBaqyrKXS4R4Cd7ix5vgvU: Cannot connect to host blockstream.info:443 ssl:default [getaddrinfo failed]
2025-01-04 17:01:08,352 - Ошибка при запросе к Blockstream API для адреса 1NjdyvL5rJDSho8C3Lt6aSpLMhPxoWd3gR: Cannot connect to host blockstream.info:443 ssl:default [getaddrinfo failed]
2025-01-04 17:01:08,355 - Ошибка при запросе к Blockstream API для адреса 1Gg3H2UkHU1SeNvfCqsVU9azAuy1X3WWay: Cannot connect to host blockstream.info:443 ssl:default [getaddrinfo failed]
2025-01-04 17:01:08,356 - Ошибка при запросе к Blockchain API для адреса 17j3gCKGebyVUBaqyrKXS4R4Cd7ix5vgvU: Cannot connect to host blockchain.info:443 ssl:default [getaddrinfo failed]
2025-01-04 17:01:08,357 - Ошибка при запросе к Blockchain API для адреса 1NHeVAibNGtCG9ajYDQjNsQdxZvRuojH5B: Cannot connect to host blockchain.info:443 ssl:default [getaddrinfo failed]
2025-01-04 17:01:08,357 - Ошибка при запросе к Blockchain API для адреса 1NjdyvL5rJDSho8C3Lt6aSpLMhPxoWd3gR: Cannot connect to host blockchain.info:443 ssl:default [getaddrinfo failed]
2025-01-04 17:01:08,358 - Ошибка при запросе к Blockchain API для адреса 1HayuF254bx9ejCess2PxAw7z4iB3gQNSh: Cannot connect to host blockchain.info:443 ssl:default [getaddrinfo failed]
2025-01-04 17:01:08,359 - Ошибка при запросе к Blockchain API для адреса 1Gg3H2UkHU1SeNvfCqsVU9azAuy1X3WWay: Cannot connect to host blockchain.info:443 ssl:default [getaddrinfo failed]
2025-01-04 17:01:08,362 - Ошибка при запросе к Blockchair API для адреса 1HayuF254bx9ejCess2PxAw7z4iB3gQNSh: Cannot connect to host api.blockchair.com:443 ssl:default [getaddrinfo failed]
2025-01-04 17:01:08,363 - Ошибка при запросе к Blockchair API для адреса 17j3gCKGebyVUBaqyrKXS4R4Cd7ix5vgvU: Cannot connect to host api.blockchair.com:443 ssl:default [getaddrinfo failed]
2025-01-04 17:01:08,363 - Ошибка при запросе к Blockchair API для адреса 1NHeVAibNGtCG9ajYDQjNsQdxZvRuojH5B: Cannot connect to host api.blockchair.com:443 ssl:default [getaddrinfo failed]
2025-01-04 17:01:08,365 - Ошибка при запросе к Blockchair API для адреса 1NjdyvL5rJDSho8C3Lt6aSpLMhPxoWd3gR: Cannot connect to host api.blockchair.com:443 ssl:default [getaddrinfo failed]
2025-01-04 17:01:08,369 - Ошибка при запросе к Blockchair API для адреса 1Gg3H2UkHU1SeNvfCqsVU9azAuy1X3WWay: Cannot connect to host api.blockchair.com:443 ssl:default [getaddrinfo failed]
2025-01-04 17:01:08,701 - Ошибка при запросе к Blockstream API для адреса 1AgfNtoe4hh8YQ6Ema1Rw4XyupdBiKsHRk: Cannot connect to host blockstream.info:443 ssl:default [getaddrinfo failed]
2025-01-04 17:01:08,702 - Ошибка при запросе к Blockstream API для адреса 1N4oKBeLtaWeCgzA2Ttiq1s3jvithWJGxK: Cannot connect to host blockstream.info:443 ssl:default [getaddrinfo failed]
2025-01-04 17:01:08,703 - Ошибка при запросе к Blockstream API для адреса 1DoJxm9uUvkrS6hwDBQcKmKbuMpKTBV8kf: Cannot connect to host blockstream.info:443 ssl:default [getaddrinfo failed]
2025-01-04 17:01:08,704 - Ошибка при запросе к Blockstream API для адреса 1fbtuEE5vqCdXhQZAmWmQwjGR26Rfq3sa: Cannot connect to host blockstream.info:443 ssl:default [getaddrinfo failed]
2025-01-04 17:01:08,705 - Ошибка при запросе к Blockstream API для адреса 1NNUPwoTZNsEaLs4gTVvm3eGAdHxyVaB59: Cannot connect to host blockstream.info:443 ssl:default [getaddrinfo failed]
2025-01-04 17:01:08,707 - Ошибка при запросе к Blockchain API для адреса 1N4oKBeLtaWeCgzA2Ttiq1s3jvithWJGxK: Cannot connect to host blockchain.info:443 ssl:default [getaddrinfo failed]
2025-01-04 17:01:08,708 - Ошибка при запросе к Blockchain API для адреса 1fbtuEE5vqCdXhQZAmWmQwjGR26Rfq3sa: Cannot connect to host blockchain.info:443 ssl:default [getaddrinfo failed]
2025-01-04 17:01:08,709 - Ошибка при запросе к Blockchain API для адреса 1AgfNtoe4hh8YQ6Ema1Rw4XyupdBiKsHRk: Cannot connect to host blockchain.info:443 ssl:default [getaddrinfo failed]
2025-01-04 17:01:08,709 - Ошибка при запросе к Blockchain API для адреса 1DoJxm9uUvkrS6hwDBQcKmKbuMpKTBV8kf: Cannot connect to host blockchain.info:443 ssl:default [getaddrinfo failed]
2025-01-04 17:01:08,711 - Ошибка при запросе к Blockchain API для адреса 1NNUPwoTZNsEaLs4gTVvm3eGAdHxyVaB59: Cannot connect to host blockchain.info:443 ssl:default [getaddrinfo failed]
2025-01-04 17:01:08,713 - Ошибка при запросе к Blockchair API для адреса 1N4oKBeLtaWeCgzA2Ttiq1s3jvithWJGxK: Cannot connect to host api.blockchair.com:443 ssl:default [getaddrinfo failed]
2025-01-04 17:01:08,714 - Ошибка при запросе к Blockchair API для адреса 1AgfNtoe4hh8YQ6Ema1Rw4XyupdBiKsHRk: Cannot connect to host api.blockchair.com:443 ssl:default [getaddrinfo failed]
2025-01-04 17:01:08,715 - Ошибка при запросе к Blockchair API для адреса 1DoJxm9uUvkrS6hwDBQcKmKbuMpKTBV8kf: Cannot connect to host api.blockchair.com:443 ssl:default [getaddrinfo failed]
2025-01-04 17:01:08,716 - Ошибка при запросе к Blockchair API для адреса 1fbtuEE5vqCdXhQZAmWmQwjGR26Rfq3sa: Cannot connect to host api.blockchair.com:443 ssl:default [getaddrinfo failed]
2025-01-04 17:01:08,724 - Ошибка при запросе к Blockchair API для адреса 1NNUPwoTZNsEaLs4gTVvm3eGAdHxyVaB59: Cannot connect to host api.blockchair.com:443 ssl:default [getaddrinfo failed]
2025-01-04 17:01:09,044 - Ошибка при запросе к Blockstream API для адреса 18Wc31pyCu4vsJvEVgLkP8XeSxdouVmT47: Cannot connect to host blockstream.info:443 ssl:default [getaddrinfo failed]
2025-01-04 17:01:09,046 - Ошибка при запросе к Blockstream API для адреса 12W6GoPvyrffzv6W2KS59wg8Txx4A4vrK1: Cannot connect to host blockstream.info:443 ssl:default [getaddrinfo failed]
2025-01-04 17:01:09,047 - Ошибка при запросе к Blockstream API для адреса 1NzoDVj8w3dGZv1YZ1i8dci3dtEVrhm2dP: Cannot connect to host blockstream.info:443 ssl:default [getaddrinfo failed]
2025-01-04 17:01:09,048 - Ошибка при запросе к Blockstream API для адреса 17MLNrh1SHa62zvPfJt2p3TtQmjDbEAvdQ: Cannot connect to host blockstream.info:443 ssl:default [getaddrinfo failed]
2025-01-04 17:01:09,049 - Ошибка при запросе к Blockstream API для адреса 16FrN7fvxF3ottm6cynvj9zeBkGxpcurwa: Cannot connect to host blockstream.info:443 ssl:default [getaddrinfo failed]
2025-01-04 17:01:09,050 - Ошибка при запросе к Blockchain API для адреса 18Wc31pyCu4vsJvEVgLkP8XeSxdouVmT47: Cannot connect to host blockchain.info:443 ssl:default [getaddrinfo failed]
2025-01-04 17:01:09,051 - Ошибка при запросе к Blockchain API для адреса 12W6GoPvyrffzv6W2KS59wg8Txx4A4vrK1: Cannot connect to host blockchain.info:443 ssl:default [getaddrinfo failed]
2025-01-04 17:01:09,052 - Ошибка при запросе к Blockchain API для адреса 1NzoDVj8w3dGZv1YZ1i8dci3dtEVrhm2dP: Cannot connect to host blockchain.info:443 ssl:default [getaddrinfo failed]
2025-01-04 17:01:09,053 - Ошибка при запросе к Blockchain API для адреса 17MLNrh1SHa62zvPfJt2p3TtQmjDbEAvdQ: Cannot connect to host blockchain.info:443 ssl:default [getaddrinfo failed]
2025-01-04 17:01:09,055 - Ошибка при запросе к Blockchain API для адреса 16FrN7fvxF3ottm6cynvj9zeBkGxpcurwa: Cannot connect to host blockchain.info:443 ssl:default [getaddrinfo failed]
2025-01-04 17:01:09,056 - Ошибка при запросе к Blockchair API для адреса 12W6GoPvyrffzv6W2KS59wg8Txx4A4vrK1: Cannot connect to host api.blockchair.com:443 ssl:default [getaddrinfo failed]
2025-01-04 17:01:09,057 - Ошибка при запросе к Blockchair API для адреса 1NzoDVj8w3dGZv1YZ1i8dci3dtEVrhm2dP: Cannot connect to host api.blockchair.com:443 ssl:default [getaddrinfo failed]
2025-01-04 17:01:09,058 - Ошибка при запросе к Blockchair API для адреса 18Wc31pyCu4vsJvEVgLkP8XeSxdouVmT47: Cannot connect to host api.blockchair.com:443 ssl:default [getaddrinfo failed]
2025-01-04 17:01:09,058 - Ошибка при запросе к Blockchair API для адреса 17MLNrh1SHa62zvPfJt2p3TtQmjDbEAvdQ: Cannot connect to host api.blockchair.com:443 ssl:default [getaddrinfo failed]
2025-01-04 17:01:09,064 - Ошибка при запросе к Blockchair API для адреса 16FrN7fvxF3ottm6cynvj9zeBkGxpcurwa: Cannot connect to host api.blockchair.com:443 ssl:default [getaddrinfo failed]
2025-01-04 17:01:09,365 - Ошибка при запросе к Blockstream API для адреса 1H3TFbPvAqBVXRznmki7P4ti4CoPVvedDm: Cannot connect to host blockstream.info:443 ssl:default [getaddrinfo failed]
2025-01-04 17:01:09,366 - Ошибка при запросе к Blockstream API для адреса 125sP96kZbnhvRpiGYmbokk4ZQm2PCga5Z: Cannot connect to host blockstream.info:443 ssl:default [getaddrinfo failed]
2025-01-04 17:01:09,367 - Ошибка при запросе к Blockstream API для адреса 1D9kAh9HbgfhjRyxhUJVWpveNvzwDm7SS: Cannot connect to host blockstream.info:443 ssl:default [getaddrinfo failed]
2025-01-04 17:01:09,368 - Ошибка при запросе к Blockstream API для адреса 1G9dbiRpJyQmopAwhnjWDHquRTNTtaf2jU: Cannot connect to host blockstream.info:443 ssl:default [getaddrinfo failed]
2025-01-04 17:01:09,369 - Ошибка при запросе к Blockstream API для адреса 1QJPCq7SXDScTuk4uowWcd5vY1xYewERzT: Cannot connect to host blockstream.info:443 ssl:default [getaddrinfo failed]
2025-01-04 17:01:09,370 - Ошибка при запросе к Blockchain API для адреса 1H3TFbPvAqBVXRznmki7P4ti4CoPVvedDm: Cannot connect to host blockchain.info:443 ssl:default [getaddrinfo failed]
2025-01-04 17:01:09,371 - Ошибка при запросе к Blockchain API для адреса 125sP96kZbnhvRpiGYmbokk4ZQm2PCga5Z: Cannot connect to host blockchain.info:443 ssl:default [getaddrinfo failed]
2025-01-04 17:01:09,372 - Ошибка при запросе к Blockchain API для адреса 1G9dbiRpJyQmopAwhnjWDHquRTNTtaf2jU: Cannot connect to host blockchain.info:443 ssl:default [getaddrinfo failed]
2025-01-04 17:01:09,372 - Ошибка при запросе к Blockchain API для адреса 1D9kAh9HbgfhjRyxhUJVWpveNvzwDm7SS: Cannot connect to host blockchain.info:443 ssl:default [getaddrinfo failed]
2025-01-04 17:01:09,374 - Ошибка при запросе к Blockchain API для адреса 1QJPCq7SXDScTuk4uowWcd5vY1xYewERzT: Cannot connect to host blockchain.info:443 ssl:default [getaddrinfo failed]
2025-01-04 17:01:09,375 - Ошибка при запросе к Blockchair API для адреса 1D9kAh9HbgfhjRyxhUJVWpveNvzwDm7SS: Cannot connect to host api.blockchair.com:443 ssl:default [getaddrinfo failed]
2025-01-04 17:01:09,376 - Ошибка при запросе к Blockchair API для адреса 125sP96kZbnhvRpiGYmbokk4ZQm2PCga5Z: Cannot connect to host api.blockchair.com:443 ssl:default [getaddrinfo failed]
2025-01-04 17:01:09,377 - Ошибка при запросе к Blockchair API для адреса 1G9dbiRpJyQmopAwhnjWDHquRTNTtaf2jU: Cannot connect to host api.blockchair.com:443 ssl:default [getaddrinfo failed]
2025-01-04 17:01:09,378 - Ошибка при запросе к Blockchair API для адреса 1H3TFbPvAqBVXRznmki7P4ti4CoPVvedDm: Cannot connect to host api.blockchair.com:443 ssl:default [getaddrinfo failed]
2025-01-04 17:01:09,385 - Ошибка при запросе к Blockchair API для адреса 1QJPCq7SXDScTuk4uowWcd5vY1xYewERzT: Cannot connect to host api.blockchair.com:443 ssl:default [getaddrinfo failed]
2025-01-04 17:01:09,736 - Ошибка при запросе к Blockstream API для адреса 183uy8fLKca8dx7Eyrgas774NsKoZU5W7Z: Cannot connect to host blockstream.info:443 ssl:default [getaddrinfo failed]
2025-01-04 17:01:09,744 - Ошибка при запросе к Blockstream API для адреса 17S8EvUDUNJCup2wVD56fb6KqDqMDxeUMx: Cannot connect to host blockstream.info:443 ssl:default [getaddrinfo failed]
2025-01-04 17:01:09,745 - Ошибка при запросе к Blockstream API для адреса 1AbE5FJRVC6fvzaRxUH8iKNuDLet9yeAxh: Cannot connect to host blockstream.info:443 ssl:default [getaddrinfo failed]
2025-01-04 17:01:09,745 - Ошибка при запросе к Blockstream API для адреса 13Po1BeHnisPYujXemXAmtoJooozXKPEwj: Cannot connect to host blockstream.info:443 ssl:default [getaddrinfo failed]
2025-01-04 17:01:09,747 - Ошибка при запросе к Blockstream API для адреса 19AHRQsCuMJJXGekYQXzSLJ14fDueQhVey: Cannot connect to host blockstream.info:443 ssl:default [getaddrinfo failed]
2025-01-04 17:01:09,749 - Ошибка при запросе к Blockchain API для адреса 183uy8fLKca8dx7Eyrgas774NsKoZU5W7Z: Cannot connect to host blockchain.info:443 ssl:default [getaddrinfo failed]
2025-01-04 17:01:09,753 - Ошибка при запросе к Blockchain API для адреса 13Po1BeHnisPYujXemXAmtoJooozXKPEwj: Cannot connect to host blockchain.info:443 ssl:default [getaddrinfo failed]
2025-01-04 17:01:09,754 - Ошибка при запросе к Blockchain API для адреса 1AbE5FJRVC6fvzaRxUH8iKNuDLet9yeAxh: Cannot connect to host blockchain.info:443 ssl:default [getaddrinfo failed]
2025-01-04 17:01:09,775 - Ошибка при запросе к Blockchain API для адреса 17S8EvUDUNJCup2wVD56fb6KqDqMDxeUMx: Cannot connect to host blockchain.info:443 ssl:default [getaddrinfo failed]
2025-01-04 17:01:09,777 - Ошибка при запросе к Blockchain API для адреса 19AHRQsCuMJJXGekYQXzSLJ14fDueQhVey: Cannot connect to host blockchain.info:443 ssl:default [getaddrinfo failed]
2025-01-04 17:01:09,779 - Ошибка при запросе к Blockchair API для адреса 1AbE5FJRVC6fvzaRxUH8iKNuDLet9yeAxh: Cannot connect to host api.blockchair.com:443 ssl:default [getaddrinfo failed]
2025-01-04 17:01:09,781 - Ошибка при запросе к Blockchair API для адреса 13Po1BeHnisPYujXemXAmtoJooozXKPEwj: Cannot connect to host api.blockchair.com:443 ssl:default [getaddrinfo failed]
2025-01-04 17:01:09,784 - Ошибка при запросе к Blockchair API для адреса 183uy8fLKca8dx7Eyrgas774NsKoZU5W7Z: Cannot connect to host api.blockchair.com:443 ssl:default [getaddrinfo failed]
2025-01-04 17:01:09,814 - Ошибка при запросе к Blockchair API для адреса 17S8EvUDUNJCup2wVD56fb6KqDqMDxeUMx: Cannot connect to host api.blockchair.com:443 ssl:default [getaddrinfo failed]
2025-01-04 17:01:09,814 - Ошибка при запросе к Blockchair API для адреса 19AHRQsCuMJJXGekYQXzSLJ14fDueQhVey: Cannot connect to host api.blockchair.com:443 ssl:default [getaddrinfo failed]
2025-01-04 17:01:10,129 - Ошибка при запросе к Blockstream API для адреса 16hQTbpFePTi4N2mCmLchWsG4xhBV3ewCM: Cannot connect to host blockstream.info:443 ssl:default [getaddrinfo failed]
2025-01-04 17:01:10,130 - Ошибка при запросе к Blockstream API для адреса 1FSxcVdHcgZAyC5H7itYNX3ya7L9YW7Mfr: Cannot connect to host blockstream.info:443 ssl:default [getaddrinfo failed]
2025-01-04 17:01:10,131 - Ошибка при запросе к Blockstream API для адреса 16iRYbyZ8Zh9zu6F9KpR7FuvvZdQR4j7Lb: Cannot connect to host blockstream.info:443 ssl:default [getaddrinfo failed]
2025-01-04 17:01:10,131 - Ошибка при запросе к Blockstream API для адреса 1EJLjBjU2g8VjkZLUnbySUNfFHvHxKbhg4: Cannot connect to host blockstream.info:443 ssl:default [getaddrinfo failed]
2025-01-04 17:01:10,133 - Ошибка при запросе к Blockstream API для адреса 17bEh3s86QZcCbMeDvSAu1MCjxW4Yv8WEb: Cannot connect to host blockstream.info:443 ssl:default [getaddrinfo failed]
2025-01-04 17:01:10,135 - Ошибка при запросе к Blockchain API для адреса 16hQTbpFePTi4N2mCmLchWsG4xhBV3ewCM: Cannot connect to host blockchain.info:443 ssl:default [getaddrinfo failed]
2025-01-04 17:01:10,136 - Ошибка при запросе к Blockchain API для адреса 1FSxcVdHcgZAyC5H7itYNX3ya7L9YW7Mfr: Cannot connect to host blockchain.info:443 ssl:default [getaddrinfo failed]
2025-01-04 17:01:10,137 - Ошибка при запросе к Blockchain API для адреса 1EJLjBjU2g8VjkZLUnbySUNfFHvHxKbhg4: Cannot connect to host blockchain.info:443 ssl:default [getaddrinfo failed]
2025-01-04 17:01:10,137 - Ошибка при запросе к Blockchain API для адреса 16iRYbyZ8Zh9zu6F9KpR7FuvvZdQR4j7Lb: Cannot connect to host blockchain.info:443 ssl:default [getaddrinfo failed]
2025-01-04 17:01:10,139 - Ошибка при запросе к Blockchain API для адреса 17bEh3s86QZcCbMeDvSAu1MCjxW4Yv8WEb: Cannot connect to host blockchain.info:443 ssl:default [getaddrinfo failed]
2025-01-04 17:01:10,140 - Ошибка при запросе к Blockchair API для адреса 16hQTbpFePTi4N2mCmLchWsG4xhBV3ewCM: Cannot connect to host api.blockchair.com:443 ssl:default [getaddrinfo failed]
2025-01-04 17:01:10,142 - Ошибка при запросе к Blockchair API для адреса 1FSxcVdHcgZAyC5H7itYNX3ya7L9YW7Mfr: Cannot connect to host api.blockchair.com:443 ssl:default [getaddrinfo failed]
2025-01-04 17:01:10,144 - Ошибка при запросе к Blockchair API для адреса 16iRYbyZ8Zh9zu6F9KpR7FuvvZdQR4j7Lb: Cannot connect to host api.blockchair.com:443 ssl:default [getaddrinfo failed]
2025-01-04 17:01:10,145 - Ошибка при запросе к Blockchair API для адреса 1EJLjBjU2g8VjkZLUnbySUNfFHvHxKbhg4: Cannot connect to host api.blockchair.com:443 ssl:default [getaddrinfo failed]
2025-01-04 17:01:10,147 - Ошибка при запросе к Blockchair API для адреса 17bEh3s86QZcCbMeDvSAu1MCjxW4Yv8WEb: Cannot connect to host api.blockchair.com:443 ssl:default [getaddrinfo failed]
2025-01-04 17:01:10,457 - Ошибка при запросе к Blockstream API для адреса 1CFZ1FCJry1a3dHmvYv2fTrxuuEAES5k9S: Cannot connect to host blockstream.info:443 ssl:default [getaddrinfo failed]
2025-01-04 17:01:10,459 - Ошибка при запросе к Blockstream API для адреса 14DG5Ph6rpT68BFwAqLHKbTKRxTBeEj1mh: Cannot connect to host blockstream.info:443 ssl:default [getaddrinfo failed]
2025-01-04 17:01:10,461 - Ошибка при запросе к Blockstream API для адреса 1EF1NHXXqTZEyVR9Sy3T3zrPavnPW2sRHu: Cannot connect to host blockstream.info:443 ssl:default [getaddrinfo failed]
2025-01-04 17:01:10,461 - Ошибка при запросе к Blockstream API для адреса 1BkjXKcPDaFGZ3sAq47WKMVukEN6w2t85M: Cannot connect to host blockstream.info:443 ssl:default [getaddrinfo failed]
2025-01-04 17:01:10,463 - Ошибка при запросе к Blockstream API для адреса 1N3bk2aNLoyraanVWReYTdRcnJvnmA91oC: Cannot connect to host blockstream.info:443 ssl:default [getaddrinfo failed]
2025-01-04 17:01:10,465 - Ошибка при запросе к Blockchain API для адреса 14DG5Ph6rpT68BFwAqLHKbTKRxTBeEj1mh: Cannot connect to host blockchain.info:443 ssl:default [getaddrinfo failed]
2025-01-04 17:01:10,466 - Ошибка при запросе к Blockchain API для адреса 1BkjXKcPDaFGZ3sAq47WKMVukEN6w2t85M: Cannot connect to host blockchain.info:443 ssl:default [getaddrinfo failed]
2025-01-04 17:01:10,467 - Ошибка при запросе к Blockchain API для адреса 1CFZ1FCJry1a3dHmvYv2fTrxuuEAES5k9S: Cannot connect to host blockchain.info:443 ssl:default [getaddrinfo failed]
2025-01-04 17:01:10,468 - Ошибка при запросе к Blockchain API для адреса 1EF1NHXXqTZEyVR9Sy3T3zrPavnPW2sRHu: Cannot connect to host blockchain.info:443 ssl:default [getaddrinfo failed]
2025-01-04 17:01:10,518 - Ошибка при запросе к Blockchain API для адреса 1N3bk2aNLoyraanVWReYTdRcnJvnmA91oC: Cannot connect to host blockchain.info:443 ssl:default [getaddrinfo failed]
2025-01-04 17:01:10,520 - Ошибка при запросе к Blockchair API для адреса 14DG5Ph6rpT68BFwAqLHKbTKRxTBeEj1mh: Cannot connect to host api.blockchair.com:443 ssl:default [getaddrinfo failed]
2025-01-04 17:01:10,521 - Ошибка при запросе к Blockchair API для адреса 1BkjXKcPDaFGZ3sAq47WKMVukEN6w2t85M: Cannot connect to host api.blockchair.com:443 ssl:default [getaddrinfo failed]
2025-01-04 17:01:10,522 - Ошибка при запросе к Blockchair API для адреса 1CFZ1FCJry1a3dHmvYv2fTrxuuEAES5k9S: Cannot connect to host api.blockchair.com:443 ssl:default [getaddrinfo failed]
2025-01-04 17:01:10,523 - Ошибка при запросе к Blockchair API для адреса 1EF1NHXXqTZEyVR9Sy3T3zrPavnPW2sRHu: Cannot connect to host api.blockchair.com:443 ssl:default [getaddrinfo failed]
2025-01-04 17:01:10,525 - Ошибка при запросе к Blockchair API для адреса 1N3bk2aNLoyraanVWReYTdRcnJvnmA91oC: Cannot connect to host api.blockchair.com:443 ssl:default [getaddrinfo failed]
2025-01-04 17:01:10,860 - Ошибка при запросе к Blockstream API для адреса 1441xuc2jQsjoP5ZE84tDWXXU2RTFTAg2z: Cannot connect to host blockstream.info:443 ssl:default [getaddrinfo failed]
2025-01-04 17:01:10,863 - Ошибка при запросе к Blockstream API для адреса 17JAwJdenucgTwud4CEm6GGMzB2pqq2Lvx: Cannot connect to host blockstream.info:443 ssl:default [getaddrinfo failed]
2025-01-04 17:01:10,864 - Ошибка при запросе к Blockstream API для адреса 12T2yGeFDAS7Q755BZeWhFVcgt11V6WUXM: Cannot connect to host blockstream.info:443 ssl:default [getaddrinfo failed]
2025-01-04 17:01:10,873 - Ошибка при запросе к Blockstream API для адреса 1LGCra43wLiVAeEEKB3SA342Dfhe3rqQUz: Cannot connect to host blockstream.info:443 ssl:default [getaddrinfo failed]
2025-01-04 17:01:10,876 - Ошибка при запросе к Blockstream API для адреса 13bRA9nKFLkPny82FNn3JEar6ubV8TM73t: Cannot connect to host blockstream.info:443 ssl:default [getaddrinfo failed]
2025-01-04 17:01:10,878 - Ошибка при запросе к Blockchain API для адреса 1441xuc2jQsjoP5ZE84tDWXXU2RTFTAg2z: Cannot connect to host blockchain.info:443 ssl:default [getaddrinfo failed]
2025-01-04 17:01:10,879 - Ошибка при запросе к Blockchain API для адреса 12T2yGeFDAS7Q755BZeWhFVcgt11V6WUXM: Cannot connect to host blockchain.info:443 ssl:default [getaddrinfo failed]
2025-01-04 17:01:10,879 - Ошибка при запросе к Blockchain API для адреса 17JAwJdenucgTwud4CEm6GGMzB2pqq2Lvx: Cannot connect to host blockchain.info:443 ssl:default [getaddrinfo failed]
2025-01-04 17:01:10,880 - Ошибка при запросе к Blockchain API для адреса 1LGCra43wLiVAeEEKB3SA342Dfhe3rqQUz: Cannot connect to host blockchain.info:443 ssl:default [getaddrinfo failed]
2025-01-04 17:01:10,882 - Ошибка при запросе к Blockchain API для адреса 13bRA9nKFLkPny82FNn3JEar6ubV8TM73t: Cannot connect to host blockchain.info:443 ssl:default [getaddrinfo failed]
2025-01-04 17:01:10,883 - Ошибка при запросе к Blockchair API для адреса 1441xuc2jQsjoP5ZE84tDWXXU2RTFTAg2z: Cannot connect to host api.blockchair.com:443 ssl:default [getaddrinfo failed]
2025-01-04 17:01:10,885 - Ошибка при запросе к Blockchair API для адреса 1LGCra43wLiVAeEEKB3SA342Dfhe3rqQUz: Cannot connect to host api.blockchair.com:443 ssl:default [getaddrinfo failed]
2025-01-04 17:01:10,885 - Ошибка при запросе к Blockchair API для адреса 12T2yGeFDAS7Q755BZeWhFVcgt11V6WUXM: Cannot connect to host api.blockchair.com:443 ssl:default [getaddrinfo failed]
2025-01-04 17:01:10,887 - Ошибка при запросе к Blockchair API для адреса 17JAwJdenucgTwud4CEm6GGMzB2pqq2Lvx: Cannot connect to host api.blockchair.com:443 ssl:default [getaddrinfo failed]
2025-01-04 17:01:10,889 - Ошибка при запросе к Blockchair API для адреса 13bRA9nKFLkPny82FNn3JEar6ubV8TM73t: Cannot connect to host api.blockchair.com:443 ssl:default [getaddrinfo failed]
2025-01-04 17:01:11,237 - Ошибка при запросе к Blockstream API для адреса 1DyjwL5GKagCaZcevf6vLUsWat6iw22eEV: Cannot connect to host blockstream.info:443 ssl:default [getaddrinfo failed]
2025-01-04 17:01:11,239 - Ошибка при запросе к Blockstream API для адреса 1JiwzGTCrCi4Sj1uroaqSkiGZfTKyxYGVe: Cannot connect to host blockstream.info:443 ssl:default [getaddrinfo failed]
2025-01-04 17:01:11,239 - Ошибка при запросе к Blockstream API для адреса 18nwhNecHSKfuDTx63hfi9gLxRGzRER88k: Cannot connect to host blockstream.info:443 ssl:default [getaddrinfo failed]
2025-01-04 17:01:11,240 - Ошибка при запросе к Blockstream API для адреса 15JyBYzhM6T9bsX7cba1rTaZN9PffSHut3: Cannot connect to host blockstream.info:443 ssl:default [getaddrinfo failed]
2025-01-04 17:01:11,242 - Ошибка при запросе к Blockstream API для адреса 1MurfWpFXr6WotKH67qrsb8p2f6NdNxWoC: Cannot connect to host blockstream.info:443 ssl:default [getaddrinfo failed]
2025-01-04 17:01:11,244 - Ошибка при запросе к Blockchain API для адреса 15JyBYzhM6T9bsX7cba1rTaZN9PffSHut3: Cannot connect to host blockchain.info:443 ssl:default [getaddrinfo failed]
2025-01-04 17:01:11,244 - Ошибка при запросе к Blockchain API для адреса 18nwhNecHSKfuDTx63hfi9gLxRGzRER88k: Cannot connect to host blockchain.info:443 ssl:default [getaddrinfo failed]
2025-01-04 17:01:11,245 - Ошибка при запросе к Blockchain API для адреса 1DyjwL5GKagCaZcevf6vLUsWat6iw22eEV: Cannot connect to host blockchain.info:443 ssl:default [getaddrinfo failed]
2025-01-04 17:01:11,246 - Ошибка при запросе к Blockchain API для адреса 1JiwzGTCrCi4Sj1uroaqSkiGZfTKyxYGVe: Cannot connect to host blockchain.info:443 ssl:default [getaddrinfo failed]
2025-01-04 17:01:11,248 - Ошибка при запросе к Blockchain API для адреса 1MurfWpFXr6WotKH67qrsb8p2f6NdNxWoC: Cannot connect to host blockchain.info:443 ssl:default [getaddrinfo failed]
2025-01-04 17:01:11,249 - Ошибка при запросе к Blockchair API для адреса 1DyjwL5GKagCaZcevf6vLUsWat6iw22eEV: Cannot connect to host api.blockchair.com:443 ssl:default [getaddrinfo failed]
2025-01-04 17:01:11,251 - Ошибка при запросе к Blockchair API для адреса 1JiwzGTCrCi4Sj1uroaqSkiGZfTKyxYGVe: Cannot connect to host api.blockchair.com:443 ssl:default [getaddrinfo failed]
2025-01-04 17:01:11,251 - Ошибка при запросе к Blockchair API для адреса 15JyBYzhM6T9bsX7cba1rTaZN9PffSHut3: Cannot connect to host api.blockchair.com:443 ssl:default [getaddrinfo failed]
2025-01-04 17:01:11,252 - Ошибка при запросе к Blockchair API для адреса 18nwhNecHSKfuDTx63hfi9gLxRGzRER88k: Cannot connect to host api.blockchair.com:443 ssl:default [getaddrinfo failed]
2025-01-04 17:01:11,255 - Ошибка при запросе к Blockchair API для адреса 1MurfWpFXr6WotKH67qrsb8p2f6NdNxWoC: Cannot connect to host api.blockchair.com:443 ssl:default [getaddrinfo failed]
2025-01-04 17:01:11,541 - Ошибка при запросе к Blockstream API для адреса 19feTdRHsV58ycF48dmDK4eM2nnHEd8x7C: Cannot connect to host blockstream.info:443 ssl:default [getaddrinfo failed]
2025-01-04 17:01:11,542 - Ошибка при запросе к Blockstream API для адреса 16TiPS19P5HJzMN9ybWaLFGEjdGtje532o: Cannot connect to host blockstream.info:443 ssl:default [getaddrinfo failed]
2025-01-04 17:01:11,542 - Ошибка при запросе к Blockstream API для адреса 1BAtmNRUt96nqWAoaFfUksBjKCWNiagZDX: Cannot connect to host blockstream.info:443 ssl:default [getaddrinfo failed]
2025-01-04 17:01:11,562 - Ошибка при запросе к Blockstream API для адреса 1N9qexWigz9wgp4MFXDCBQJ2HneLZzT5Su: Cannot connect to host blockstream.info:443 ssl:default [getaddrinfo failed]
2025-01-04 17:01:11,564 - Ошибка при запросе к Blockstream API для адреса 1DTvdhf78pcUnmVbQzkJ3AxdpwoZtCNWxD: Cannot connect to host blockstream.info:443 ssl:default [getaddrinfo failed]
2025-01-04 17:01:11,565 - Ошибка при запросе к Blockchain API для адреса 19feTdRHsV58ycF48dmDK4eM2nnHEd8x7C: Cannot connect to host blockchain.info:443 ssl:default [getaddrinfo failed]
2025-01-04 17:01:11,566 - Ошибка при запросе к Blockchain API для адреса 1N9qexWigz9wgp4MFXDCBQJ2HneLZzT5Su: Cannot connect to host blockchain.info:443 ssl:default [getaddrinfo failed]
2025-01-04 17:01:11,567 - Ошибка при запросе к Blockchain API для адреса 1BAtmNRUt96nqWAoaFfUksBjKCWNiagZDX: Cannot connect to host blockchain.info:443 ssl:default [getaddrinfo failed]
2025-01-04 17:01:11,568 - Ошибка при запросе к Blockchain API для адреса 16TiPS19P5HJzMN9ybWaLFGEjdGtje532o: Cannot connect to host blockchain.info:443 ssl:default [getaddrinfo failed]
2025-01-04 17:01:11,570 - Ошибка при запросе к Blockchain API для адреса 1DTvdhf78pcUnmVbQzkJ3AxdpwoZtCNWxD: Cannot connect to host blockchain.info:443 ssl:default [getaddrinfo failed]
2025-01-04 17:01:11,572 - Ошибка при запросе к Blockchair API для адреса 1BAtmNRUt96nqWAoaFfUksBjKCWNiagZDX: Cannot connect to host api.blockchair.com:443 ssl:default [getaddrinfo failed]
2025-01-04 17:01:11,573 - Ошибка при запросе к Blockchair API для адреса 19feTdRHsV58ycF48dmDK4eM2nnHEd8x7C: Cannot connect to host api.blockchair.com:443 ssl:default [getaddrinfo failed]
2025-01-04 17:01:11,574 - Ошибка при запросе к Blockchair API для адреса 1N9qexWigz9wgp4MFXDCBQJ2HneLZzT5Su: Cannot connect to host api.blockchair.com:443 ssl:default [getaddrinfo failed]
2025-01-04 17:01:11,581 - Ошибка при запросе к Blockchair API для адреса 1DTvdhf78pcUnmVbQzkJ3AxdpwoZtCNWxD: Cannot connect to host api.blockchair.com:443 ssl:default [getaddrinfo failed]
2025-01-04 17:01:11,589 - Ошибка при запросе к Blockchair API для адреса 16TiPS19P5HJzMN9ybWaLFGEjdGtje532o: Cannot connect to host api.blockchair.com:443 ssl:default [getaddrinfo failed]
2025-01-04 17:01:11,887 - Ошибка при запросе к Blockstream API для адреса 1BakTzgbzrUREZDj4u4qaWnT7iwBCVnnj5: Cannot connect to host blockstream.info:443 ssl:default [getaddrinfo failed]
2025-01-04 17:01:11,889 - Ошибка при запросе к Blockstream API для адреса 1JvwHwmfLuibuDv8vkBb7e2FGSxoAoWxb8: Cannot connect to host blockstream.info:443 ssl:default [getaddrinfo failed]
2025-01-04 17:01:11,890 - Ошибка при запросе к Blockstream API для адреса 18pWdbWGiU7oWi4EKVJJyAqtXpRrpZKJXE: Cannot connect to host blockstream.info:443 ssl:default [getaddrinfo failed]
2025-01-04 17:01:11,891 - Ошибка при запросе к Blockstream API для адреса 1LFhvgGjccutmuqotYGqs5cZddiUtrgPmt: Cannot connect to host blockstream.info:443 ssl:default [getaddrinfo failed]
2025-01-04 17:01:11,893 - Ошибка при запросе к Blockstream API для адреса 1PGngUGho7XeJkFBcthcyU8CMdGCkv9c8y: Cannot connect to host blockstream.info:443 ssl:default [getaddrinfo failed]
2025-01-04 17:01:11,895 - Ошибка при запросе к Blockchain API для адреса 18pWdbWGiU7oWi4EKVJJyAqtXpRrpZKJXE: Cannot connect to host blockchain.info:443 ssl:default [getaddrinfo failed]
2025-01-04 17:01:11,897 - Ошибка при запросе к Blockchain API для адреса 1BakTzgbzrUREZDj4u4qaWnT7iwBCVnnj5: Cannot connect to host blockchain.info:443 ssl:default [getaddrinfo failed]
2025-01-04 17:01:11,898 - Ошибка при запросе к Blockchain API для адреса 1JvwHwmfLuibuDv8vkBb7e2FGSxoAoWxb8: Cannot connect to host blockchain.info:443 ssl:default [getaddrinfo failed]
2025-01-04 17:01:11,899 - Ошибка при запросе к Blockchain API для адреса 1LFhvgGjccutmuqotYGqs5cZddiUtrgPmt: Cannot connect to host blockchain.info:443 ssl:default [getaddrinfo failed]
2025-01-04 17:01:11,900 - Ошибка при запросе к Blockchain API для адреса 1PGngUGho7XeJkFBcthcyU8CMdGCkv9c8y: Cannot connect to host blockchain.info:443 ssl:default [getaddrinfo failed]
2025-01-04 17:01:11,903 - Ошибка при запросе к Blockchair API для адреса 1BakTzgbzrUREZDj4u4qaWnT7iwBCVnnj5: Cannot connect to host api.blockchair.com:443 ssl:default [getaddrinfo failed]
2025-01-04 17:01:11,904 - Ошибка при запросе к Blockchair API для адреса 1LFhvgGjccutmuqotYGqs5cZddiUtrgPmt: Cannot connect to host api.blockchair.com:443 ssl:default [getaddrinfo failed]
2025-01-04 17:01:11,906 - Ошибка при запросе к Blockchair API для адреса 1JvwHwmfLuibuDv8vkBb7e2FGSxoAoWxb8: Cannot connect to host api.blockchair.com:443 ssl:default [getaddrinfo failed]
2025-01-04 17:01:11,906 - Ошибка при запросе к Blockchair API для адреса 18pWdbWGiU7oWi4EKVJJyAqtXpRrpZKJXE: Cannot connect to host api.blockchair.com:443 ssl:default [getaddrinfo failed]
2025-01-04 17:01:11,910 - Ошибка при запросе к Blockchair API для адреса 1PGngUGho7XeJkFBcthcyU8CMdGCkv9c8y: Cannot connect to host api.blockchair.com:443 ssl:default [getaddrinfo failed]
2025-01-04 17:01:12,235 - Ошибка при запросе к Blockstream API для адреса 1HUZA3zB5gDymtakuaVN2NrxBHKjMaQydK: Cannot connect to host blockstream.info:443 ssl:default [getaddrinfo failed]
2025-01-04 17:01:12,236 - Ошибка при запросе к Blockstream API для адреса 12nNhuhnn3FHanF7MceguGkp4dAW6R6rm7: Cannot connect to host blockstream.info:443 ssl:default [getaddrinfo failed]
2025-01-04 17:01:12,238 - Ошибка при запросе к Blockstream API для адреса 1KPTMCrrxiazEyWmJfypPPYP9HJEroGwFC: Cannot connect to host blockstream.info:443 ssl:default [getaddrinfo failed]
2025-01-04 17:01:12,239 - Ошибка при запросе к Blockstream API для адреса 1FdMSuo1AE2yVR8Gibo6w5kkk8SMKcY7aY: Cannot connect to host blockstream.info:443 ssl:default [getaddrinfo failed]
2025-01-04 17:01:12,241 - Ошибка при запросе к Blockstream API для адреса 1Prdgj186uUecQnAmaBwiioZptF37DPWT2: Cannot connect to host blockstream.info:443 ssl:default [getaddrinfo failed]
2025-01-04 17:01:12,242 - Ошибка при запросе к Blockchain API для адреса 1HUZA3zB5gDymtakuaVN2NrxBHKjMaQydK: Cannot connect to host blockchain.info:443 ssl:default [getaddrinfo failed]
2025-01-04 17:01:12,243 - Ошибка при запросе к Blockchain API для адреса 1KPTMCrrxiazEyWmJfypPPYP9HJEroGwFC: Cannot connect to host blockchain.info:443 ssl:default [getaddrinfo failed]
2025-01-04 17:01:12,244 - Ошибка при запросе к Blockchain API для адреса 1FdMSuo1AE2yVR8Gibo6w5kkk8SMKcY7aY: Cannot connect to host blockchain.info:443 ssl:default [getaddrinfo failed]
2025-01-04 17:01:12,245 - Ошибка при запросе к Blockchain API для адреса 12nNhuhnn3FHanF7MceguGkp4dAW6R6rm7: Cannot connect to host blockchain.info:443 ssl:default [getaddrinfo failed]
2025-01-04 17:01:12,246 - Ошибка при запросе к Blockchain API для адреса 1Prdgj186uUecQnAmaBwiioZptF37DPWT2: Cannot connect to host blockchain.info:443 ssl:default [getaddrinfo failed]
2025-01-04 17:01:12,247 - Ошибка при запросе к Blockchair API для адреса 1HUZA3zB5gDymtakuaVN2NrxBHKjMaQydK: Cannot connect to host api.blockchair.com:443 ssl:default [getaddrinfo failed]
2025-01-04 17:01:12,251 - Ошибка при запросе к Blockchair API для адреса 1FdMSuo1AE2yVR8Gibo6w5kkk8SMKcY7aY: Cannot connect to host api.blockchair.com:443 ssl:default [getaddrinfo failed]
2025-01-04 17:01:12,252 - Ошибка при запросе к Blockchair API для адреса 12nNhuhnn3FHanF7MceguGkp4dAW6R6rm7: Cannot connect to host api.blockchair.com:443 ssl:default [getaddrinfo failed]
2025-01-04 17:01:12,253 - Ошибка при запросе к Blockchair API для адреса 1KPTMCrrxiazEyWmJfypPPYP9HJEroGwFC: Cannot connect to host api.blockchair.com:443 ssl:default [getaddrinfo failed]
2025-01-04 17:01:12,254 - Ошибка при запросе к Blockchair API для адреса 1Prdgj186uUecQnAmaBwiioZptF37DPWT2: Cannot connect to host api.blockchair.com:443 ssl:default [getaddrinfo failed]
2025-01-04 17:01:12,550 - Ошибка при запросе к Blockstream API для адреса 1KNBcM7y5w7okGDGuwujX42gdHy3mrNPsU: Cannot connect to host blockstream.info:443 ssl:default [getaddrinfo failed]
2025-01-04 17:01:12,551 - Ошибка при запросе к Blockstream API для адреса 1391T7vUxcZpRTZZij9HyoLUMzNxMstCY5: Cannot connect to host blockstream.info:443 ssl:default [getaddrinfo failed]
2025-01-04 17:01:12,552 - Ошибка при запросе к Blockstream API для адреса 1BNAxCGZpMAW432Ui2yYdjg4AhspM8Nnc3: Cannot connect to host blockstream.info:443 ssl:default [getaddrinfo failed]
2025-01-04 17:01:12,553 - Ошибка при запросе к Blockstream API для адреса 1Hawm3iPkKERoFMHsJgpTZgYTRz765KSqp: Cannot connect to host blockstream.info:443 ssl:default [getaddrinfo failed]
2025-01-04 17:01:12,554 - Ошибка при запросе к Blockstream API для адреса 1na97soDR6jaVbQW4KZPuM6K8aMTw7oNP: Cannot connect to host blockstream.info:443 ssl:default [getaddrinfo failed]
2025-01-04 17:01:12,556 - Ошибка при запросе к Blockchain API для адреса 1BNAxCGZpMAW432Ui2yYdjg4AhspM8Nnc3: Cannot connect to host blockchain.info:443 ssl:default [getaddrinfo failed]
2025-01-04 17:01:12,557 - Ошибка при запросе к Blockchain API для адреса 1391T7vUxcZpRTZZij9HyoLUMzNxMstCY5: Cannot connect to host blockchain.info:443 ssl:default [getaddrinfo failed]
2025-01-04 17:01:12,558 - Ошибка при запросе к Blockchain API для адреса 1KNBcM7y5w7okGDGuwujX42gdHy3mrNPsU: Cannot connect to host blockchain.info:443 ssl:default [getaddrinfo failed]
2025-01-04 17:01:12,559 - Ошибка при запросе к Blockchain API для адреса 1Hawm3iPkKERoFMHsJgpTZgYTRz765KSqp: Cannot connect to host blockchain.info:443 ssl:default [getaddrinfo failed]
2025-01-04 17:01:12,562 - Ошибка при запросе к Blockchain API для адреса 1na97soDR6jaVbQW4KZPuM6K8aMTw7oNP: Cannot connect to host blockchain.info:443 ssl:default [getaddrinfo failed]
2025-01-04 17:01:12,565 - Ошибка при запросе к Blockchair API для адреса 1BNAxCGZpMAW432Ui2yYdjg4AhspM8Nnc3: Cannot connect to host api.blockchair.com:443 ssl:default [getaddrinfo failed]
2025-01-04 17:01:12,567 - Ошибка при запросе к Blockchair API для адреса 1391T7vUxcZpRTZZij9HyoLUMzNxMstCY5: Cannot connect to host api.blockchair.com:443 ssl:default [getaddrinfo failed]
2025-01-04 17:01:12,568 - Ошибка при запросе к Blockchair API для адреса 1KNBcM7y5w7okGDGuwujX42gdHy3mrNPsU: Cannot connect to host api.blockchair.com:443 ssl:default [getaddrinfo failed]
2025-01-04 17:01:12,570 - Ошибка при запросе к Blockchair API для адреса 1Hawm3iPkKERoFMHsJgpTZgYTRz765KSqp: Cannot connect to host api.blockchair.com:443 ssl:default [getaddrinfo failed]
2025-01-04 17:01:12,574 - Ошибка при запросе к Blockchair API для адреса 1na97soDR6jaVbQW4KZPuM6K8aMTw7oNP: Cannot connect to host api.blockchair.com:443 ssl:default [getaddrinfo failed]
2025-01-04 17:01:12,867 - Ошибка при запросе к Blockstream API для адреса 1F7xoaj2NEMjZKkuiQudkCLKcaRgnsiRhF: Cannot connect to host blockstream.info:443 ssl:default [getaddrinfo failed]
2025-01-04 17:01:12,868 - Ошибка при запросе к Blockstream API для адреса 1BsChig4KnLW4gZA5bgpFpPpDHs21FALzw: Cannot connect to host blockstream.info:443 ssl:default [getaddrinfo failed]
2025-01-04 17:01:12,869 - Ошибка при запросе к Blockstream API для адреса 1K9N7QYR6p8nRgrATMwLTXWt5PbgHcnrXY: Cannot connect to host blockstream.info:443 ssl:default [getaddrinfo failed]
2025-01-04 17:01:12,870 - Ошибка при запросе к Blockstream API для адреса 18fktRzaFVkSzB7NqD2ZdMDpPBcGoqnnMX: Cannot connect to host blockstream.info:443 ssl:default [getaddrinfo failed]
2025-01-04 17:01:12,873 - Ошибка при запросе к Blockstream API для адреса 1DG6gEN4TJUykSUQncNo2WcuYr9SgxWm1o: Cannot connect to host blockstream.info:443 ssl:default [getaddrinfo failed]
2025-01-04 17:01:12,874 - Ошибка при запросе к Blockchain API для адреса 1F7xoaj2NEMjZKkuiQudkCLKcaRgnsiRhF: Cannot connect to host blockchain.info:443 ssl:default [getaddrinfo failed]
2025-01-04 17:01:12,875 - Ошибка при запросе к Blockchain API для адреса 1BsChig4KnLW4gZA5bgpFpPpDHs21FALzw: Cannot connect to host blockchain.info:443 ssl:default [getaddrinfo failed]
2025-01-04 17:01:12,875 - Ошибка при запросе к Blockchain API для адреса 18fktRzaFVkSzB7NqD2ZdMDpPBcGoqnnMX: Cannot connect to host blockchain.info:443 ssl:default [getaddrinfo failed]
2025-01-04 17:01:12,876 - Ошибка при запросе к Blockchain API для адреса 1K9N7QYR6p8nRgrATMwLTXWt5PbgHcnrXY: Cannot connect to host blockchain.info:443 ssl:default [getaddrinfo failed]
2025-01-04 17:01:12,877 - Ошибка при запросе к Blockchain API для адреса 1DG6gEN4TJUykSUQncNo2WcuYr9SgxWm1o: Cannot connect to host blockchain.info:443 ssl:default [getaddrinfo failed]
2025-01-04 17:01:12,878 - Ошибка при запросе к Blockchair API для адреса 1F7xoaj2NEMjZKkuiQudkCLKcaRgnsiRhF: Cannot connect to host api.blockchair.com:443 ssl:default [getaddrinfo failed]
2025-01-04 17:01:12,879 - Ошибка при запросе к Blockchair API для адреса 1K9N7QYR6p8nRgrATMwLTXWt5PbgHcnrXY: Cannot connect to host api.blockchair.com:443 ssl:default [getaddrinfo failed]
2025-01-04 17:01:12,880 - Ошибка при запросе к Blockchair API для адреса 1BsChig4KnLW4gZA5bgpFpPpDHs21FALzw: Cannot connect to host api.blockchair.com:443 ssl:default [getaddrinfo failed]
2025-01-04 17:01:12,880 - Ошибка при запросе к Blockchair API для адреса 18fktRzaFVkSzB7NqD2ZdMDpPBcGoqnnMX: Cannot connect to host api.blockchair.com:443 ssl:default [getaddrinfo failed]
2025-01-04 17:01:12,882 - Ошибка при запросе к Blockchair API для адреса 1DG6gEN4TJUykSUQncNo2WcuYr9SgxWm1o: Cannot connect to host api.blockchair.com:443 ssl:default [getaddrinfo failed]
2025-01-04 17:01:13,233 - Ошибка при запросе к Blockstream API для адреса 1M7TJUtevdrmznrZPUMS7S66CSY8N8tPym: Cannot connect to host blockstream.info:443 ssl:default [getaddrinfo failed]
2025-01-04 17:01:13,234 - Ошибка при запросе к Blockstream API для адреса 1CcjFmVMAwWMxxXvFBtAR7nLXRK19wrS6B: Cannot connect to host blockstream.info:443 ssl:default [getaddrinfo failed]
2025-01-04 17:01:13,235 - Ошибка при запросе к Blockstream API для адреса 1BYeGHLCLsXvZ4oSBczN5Nxf1REsP2ZKcw: Cannot connect to host blockstream.info:443 ssl:default [getaddrinfo failed]
2025-01-04 17:01:13,236 - Ошибка при запросе к Blockstream API для адреса 17coQVNB3uLgcvPZvYr55wpEf7Ekx55q3v: Cannot connect to host blockstream.info:443 ssl:default [getaddrinfo failed]
2025-01-04 17:01:13,237 - Ошибка при запросе к Blockstream API для адреса 1KEiCrXz9TdC3oSwws4EccMrD99pU9DxwW: Cannot connect to host blockstream.info:443 ssl:default [getaddrinfo failed]
2025-01-04 17:01:13,238 - Ошибка при запросе к Blockchain API для адреса 1CcjFmVMAwWMxxXvFBtAR7nLXRK19wrS6B: Cannot connect to host blockchain.info:443 ssl:default [getaddrinfo failed]
2025-01-04 17:01:13,239 - Ошибка при запросе к Blockchain API для адреса 1BYeGHLCLsXvZ4oSBczN5Nxf1REsP2ZKcw: Cannot connect to host blockchain.info:443 ssl:default [getaddrinfo failed]
2025-01-04 17:01:13,240 - Ошибка при запросе к Blockchain API для адреса 1M7TJUtevdrmznrZPUMS7S66CSY8N8tPym: Cannot connect to host blockchain.info:443 ssl:default [getaddrinfo failed]
2025-01-04 17:01:13,241 - Ошибка при запросе к Blockchain API для адреса 17coQVNB3uLgcvPZvYr55wpEf7Ekx55q3v: Cannot connect to host blockchain.info:443 ssl:default [getaddrinfo failed]
2025-01-04 17:01:13,243 - Ошибка при запросе к Blockchain API для адреса 1KEiCrXz9TdC3oSwws4EccMrD99pU9DxwW: Cannot connect to host blockchain.info:443 ssl:default [getaddrinfo failed]
2025-01-04 17:01:13,245 - Ошибка при запросе к Blockchair API для адреса 17coQVNB3uLgcvPZvYr55wpEf7Ekx55q3v: Cannot connect to host api.blockchair.com:443 ssl:default [getaddrinfo failed]
2025-01-04 17:01:13,247 - Ошибка при запросе к Blockchair API для адреса 1BYeGHLCLsXvZ4oSBczN5Nxf1REsP2ZKcw: Cannot connect to host api.blockchair.com:443 ssl:default [getaddrinfo failed]
2025-01-04 17:01:13,248 - Ошибка при запросе к Blockchair API для адреса 1CcjFmVMAwWMxxXvFBtAR7nLXRK19wrS6B: Cannot connect to host api.blockchair.com:443 ssl:default [getaddrinfo failed]
2025-01-04 17:01:13,250 - Ошибка при запросе к Blockchair API для адреса 1M7TJUtevdrmznrZPUMS7S66CSY8N8tPym: Cannot connect to host api.blockchair.com:443 ssl:default [getaddrinfo failed]
2025-01-04 17:01:13,252 - Ошибка при запросе к Blockchair API для адреса 1KEiCrXz9TdC3oSwws4EccMrD99pU9DxwW: Cannot connect to host api.blockchair.com:443 ssl:default [getaddrinfo failed]
2025-01-04 17:01:13,565 - Ошибка при запросе к Blockstream API для адреса 1LcWwRX6LL4g5498RdDJzJvuKtaLr7mGtc: Cannot connect to host blockstream.info:443 ssl:default [getaddrinfo failed]
2025-01-04 17:01:13,566 - Ошибка при запросе к Blockstream API для адреса 1LKyjMHGqWeAejVdrfU6cidpomwjr3jBKg: Cannot connect to host blockstream.info:443 ssl:default [getaddrinfo failed]
2025-01-04 17:01:13,567 - Ошибка при запросе к Blockstream API для адреса 1DebMcjNCKd8a4XMACE6RCLiqzozPzrsU7: Cannot connect to host blockstream.info:443 ssl:default [getaddrinfo failed]
2025-01-04 17:01:13,568 - Ошибка при запросе к Blockstream API для адреса 1FF4kFDUSzNRNpPTCzGPNfM75vgVrKeEWL: Cannot connect to host blockstream.info:443 ssl:default [getaddrinfo failed]
2025-01-04 17:01:13,569 - Ошибка при запросе к Blockstream API для адреса 1A6YAehmYQoTQhFFdU1jPmtGPYNkYc9skG: Cannot connect to host blockstream.info:443 ssl:default [getaddrinfo failed]
2025-01-04 17:01:13,571 - Ошибка при запросе к Blockchain API для адреса 1DebMcjNCKd8a4XMACE6RCLiqzozPzrsU7: Cannot connect to host blockchain.info:443 ssl:default [getaddrinfo failed]
2025-01-04 17:01:13,572 - Ошибка при запросе к Blockchain API для адреса 1LcWwRX6LL4g5498RdDJzJvuKtaLr7mGtc: Cannot connect to host blockchain.info:443 ssl:default [getaddrinfo failed]
2025-01-04 17:01:13,572 - Ошибка при запросе к Blockchain API для адреса 1LKyjMHGqWeAejVdrfU6cidpomwjr3jBKg: Cannot connect to host blockchain.info:443 ssl:default [getaddrinfo failed]
2025-01-04 17:01:13,573 - Ошибка при запросе к Blockchain API для адреса 1FF4kFDUSzNRNpPTCzGPNfM75vgVrKeEWL: Cannot connect to host blockchain.info:443 ssl:default [getaddrinfo failed]
2025-01-04 17:01:13,574 - Ошибка при запросе к Blockchain API для адреса 1A6YAehmYQoTQhFFdU1jPmtGPYNkYc9skG: Cannot connect to host blockchain.info:443 ssl:default [getaddrinfo failed]
2025-01-04 17:01:13,577 - Ошибка при запросе к Blockchair API для адреса 1LcWwRX6LL4g5498RdDJzJvuKtaLr7mGtc: Cannot connect to host api.blockchair.com:443 ssl:default [getaddrinfo failed]
2025-01-04 17:01:13,578 - Ошибка при запросе к Blockchair API для адреса 1FF4kFDUSzNRNpPTCzGPNfM75vgVrKeEWL: Cannot connect to host api.blockchair.com:443 ssl:default [getaddrinfo failed]
2025-01-04 17:01:13,579 - Ошибка при запросе к Blockchair API для адреса 1DebMcjNCKd8a4XMACE6RCLiqzozPzrsU7: Cannot connect to host api.blockchair.com:443 ssl:default [getaddrinfo failed]
2025-01-04 17:01:13,584 - Ошибка при запросе к Blockchair API для адреса 1LKyjMHGqWeAejVdrfU6cidpomwjr3jBKg: Cannot connect to host api.blockchair.com:443 ssl:default [getaddrinfo failed]
2025-01-04 17:01:13,587 - Ошибка при запросе к Blockchair API для адреса 1A6YAehmYQoTQhFFdU1jPmtGPYNkYc9skG: Cannot connect to host api.blockchair.com:443 ssl:default [getaddrinfo failed]
2025-01-04 17:01:13,919 - Ошибка при запросе к Blockstream API для адреса 1Mh3aFhczT4HfhcfFsFGujCxne16wxHthM: Cannot connect to host blockstream.info:443 ssl:default [getaddrinfo failed]
2025-01-04 17:01:13,921 - Ошибка при запросе к Blockstream API для адреса 1GJo9jy4MF4WdzNYGDjFhWbCMSq9SYTpQz: Cannot connect to host blockstream.info:443 ssl:default [getaddrinfo failed]
2025-01-04 17:01:13,922 - Ошибка при запросе к Blockstream API для адреса 1AU11nRw481jBZvY9dAHakJFKeoXN4KvFe: Cannot connect to host blockstream.info:443 ssl:default [getaddrinfo failed]
2025-01-04 17:01:13,923 - Ошибка при запросе к Blockstream API для адреса 1CWfDCxfq3YC83nVfx7bH9oYFwLAmSq7ij: Cannot connect to host blockstream.info:443 ssl:default [getaddrinfo failed]
2025-01-04 17:01:13,924 - Ошибка при запросе к Blockstream API для адреса 1B53fxNsQBPStumsE3frqQy3NTnvE9k71f: Cannot connect to host blockstream.info:443 ssl:default [getaddrinfo failed]
2025-01-04 17:01:13,926 - Ошибка при запросе к Blockchain API для адреса 1AU11nRw481jBZvY9dAHakJFKeoXN4KvFe: Cannot connect to host blockchain.info:443 ssl:default [getaddrinfo failed]
2025-01-04 17:01:13,927 - Ошибка при запросе к Blockchain API для адреса 1GJo9jy4MF4WdzNYGDjFhWbCMSq9SYTpQz: Cannot connect to host blockchain.info:443 ssl:default [getaddrinfo failed]
2025-01-04 17:01:13,927 - Ошибка при запросе к Blockchain API для адреса 1CWfDCxfq3YC83nVfx7bH9oYFwLAmSq7ij: Cannot connect to host blockchain.info:443 ssl:default [getaddrinfo failed]
2025-01-04 17:01:13,928 - Ошибка при запросе к Blockchain API для адреса 1Mh3aFhczT4HfhcfFsFGujCxne16wxHthM: Cannot connect to host blockchain.info:443 ssl:default [getaddrinfo failed]
2025-01-04 17:01:13,931 - Ошибка при запросе к Blockchain API для адреса 1B53fxNsQBPStumsE3frqQy3NTnvE9k71f: Cannot connect to host blockchain.info:443 ssl:default [getaddrinfo failed]
2025-01-04 17:01:13,933 - Ошибка при запросе к Blockchair API для адреса 1AU11nRw481jBZvY9dAHakJFKeoXN4KvFe: Cannot connect to host api.blockchair.com:443 ssl:default [getaddrinfo failed]
2025-01-04 17:01:13,934 - Ошибка при запросе к Blockchair API для адреса 1Mh3aFhczT4HfhcfFsFGujCxne16wxHthM: Cannot connect to host api.blockchair.com:443 ssl:default [getaddrinfo failed]
2025-01-04 17:01:13,935 - Ошибка при запросе к Blockchair API для адреса 1CWfDCxfq3YC83nVfx7bH9oYFwLAmSq7ij: Cannot connect to host api.blockchair.com:443 ssl:default [getaddrinfo failed]
2025-01-04 17:01:13,936 - Ошибка при запросе к Blockchair API для адреса 1GJo9jy4MF4WdzNYGDjFhWbCMSq9SYTpQz: Cannot connect to host api.blockchair.com:443 ssl:default [getaddrinfo failed]
2025-01-04 17:01:13,943 - Ошибка при запросе к Blockchair API для адреса 1B53fxNsQBPStumsE3frqQy3NTnvE9k71f: Cannot connect to host api.blockchair.com:443 ssl:default [getaddrinfo failed]
2025-01-04 17:01:14,253 - Ошибка при запросе к Blockstream API для адреса 16Z12tpsX5eiA96dwDECNVFhNQu4VjKvfm: Cannot connect to host blockstream.info:443 ssl:default [getaddrinfo failed]
2025-01-04 17:01:14,255 - Ошибка при запросе к Blockstream API для адреса 1HA45tP1t5BVk3e5LeWuBCFTR9GwcRXJyF: Cannot connect to host blockstream.info:443 ssl:default [getaddrinfo failed]
2025-01-04 17:01:14,255 - Ошибка при запросе к Blockstream API для адреса 12RtmoUL92LmGsEeHKbyohPfRXWnJhg8Du: Cannot connect to host blockstream.info:443 ssl:default [getaddrinfo failed]
2025-01-04 17:01:14,256 - Ошибка при запросе к Blockstream API для адреса 1JyUJLMhfk1SA1CKcT39YejvDYgSxUdxZM: Cannot connect to host blockstream.info:443 ssl:default [getaddrinfo failed]
2025-01-04 17:01:14,257 - Ошибка при запросе к Blockstream API для адреса 1NU9KXok9axVRbXj3V6PjTfMUbGMdNLiBf: Cannot connect to host blockstream.info:443 ssl:default [getaddrinfo failed]
2025-01-04 17:01:14,259 - Ошибка при запросе к Blockchain API для адреса 12RtmoUL92LmGsEeHKbyohPfRXWnJhg8Du: Cannot connect to host blockchain.info:443 ssl:default [getaddrinfo failed]
2025-01-04 17:01:14,259 - Ошибка при запросе к Blockchain API для адреса 16Z12tpsX5eiA96dwDECNVFhNQu4VjKvfm: Cannot connect to host blockchain.info:443 ssl:default [getaddrinfo failed]
2025-01-04 17:01:14,260 - Ошибка при запросе к Blockchain API для адреса 1JyUJLMhfk1SA1CKcT39YejvDYgSxUdxZM: Cannot connect to host blockchain.info:443 ssl:default [getaddrinfo failed]
2025-01-04 17:01:14,261 - Ошибка при запросе к Blockchain API для адреса 1HA45tP1t5BVk3e5LeWuBCFTR9GwcRXJyF: Cannot connect to host blockchain.info:443 ssl:default [getaddrinfo failed]
2025-01-04 17:01:14,262 - Ошибка при запросе к Blockchain API для адреса 1NU9KXok9axVRbXj3V6PjTfMUbGMdNLiBf: Cannot connect to host blockchain.info:443 ssl:default [getaddrinfo failed]
2025-01-04 17:01:14,265 - Ошибка при запросе к Blockchair API для адреса 16Z12tpsX5eiA96dwDECNVFhNQu4VjKvfm: Cannot connect to host api.blockchair.com:443 ssl:default [getaddrinfo failed]
2025-01-04 17:01:14,266 - Ошибка при запросе к Blockchair API для адреса 12RtmoUL92LmGsEeHKbyohPfRXWnJhg8Du: Cannot connect to host api.blockchair.com:443 ssl:default [getaddrinfo failed]
2025-01-04 17:01:14,266 - Ошибка при запросе к Blockchair API для адреса 1JyUJLMhfk1SA1CKcT39YejvDYgSxUdxZM: Cannot connect to host api.blockchair.com:443 ssl:default [getaddrinfo failed]
2025-01-04 17:01:14,267 - Ошибка при запросе к Blockchair API для адреса 1HA45tP1t5BVk3e5LeWuBCFTR9GwcRXJyF: Cannot connect to host api.blockchair.com:443 ssl:default [getaddrinfo failed]
2025-01-04 17:01:14,270 - Ошибка при запросе к Blockchair API для адреса 1NU9KXok9axVRbXj3V6PjTfMUbGMdNLiBf: Cannot connect to host api.blockchair.com:443 ssl:default [getaddrinfo failed]
2025-01-04 17:01:14,660 - Ошибка при запросе к Blockstream API для адреса 19vovVzeDqKHTepJiGPeSj5M83AvNNa2Hm: Cannot connect to host blockstream.info:443 ssl:default [getaddrinfo failed]
2025-01-04 17:01:14,662 - Ошибка при запросе к Blockstream API для адреса 18ZjKSXVnvjVob8DQFMvL2mhj4pRY68M64: Cannot connect to host blockstream.info:443 ssl:default [getaddrinfo failed]
2025-01-04 17:01:14,663 - Ошибка при запросе к Blockstream API для адреса 1MaLrxoHSTXuiMYE83p9iWFKomnuhF8yLh: Cannot connect to host blockstream.info:443 ssl:default [getaddrinfo failed]
2025-01-04 17:01:14,664 - Ошибка при запросе к Blockstream API для адреса 15DEpgfWgNqFxbcYPmWtA2TQq8koMYRcbF: Cannot connect to host blockstream.info:443 ssl:default [getaddrinfo failed]
2025-01-04 17:01:14,665 - Ошибка при запросе к Blockstream API для адреса 1DYNX4AafDAwUNggp3hR8g8mLDRjk6wyzF: Cannot connect to host blockstream.info:443 ssl:default [getaddrinfo failed]
2025-01-04 17:01:14,667 - Ошибка при запросе к Blockchain API для адреса 19vovVzeDqKHTepJiGPeSj5M83AvNNa2Hm: Cannot connect to host blockchain.info:443 ssl:default [getaddrinfo failed]
2025-01-04 17:01:14,668 - Ошибка при запросе к Blockchain API для адреса 18ZjKSXVnvjVob8DQFMvL2mhj4pRY68M64: Cannot connect to host blockchain.info:443 ssl:default [getaddrinfo failed]
2025-01-04 17:01:14,669 - Ошибка при запросе к Blockchain API для адреса 1MaLrxoHSTXuiMYE83p9iWFKomnuhF8yLh: Cannot connect to host blockchain.info:443 ssl:default [getaddrinfo failed]
2025-01-04 17:01:14,670 - Ошибка при запросе к Blockchain API для адреса 15DEpgfWgNqFxbcYPmWtA2TQq8koMYRcbF: Cannot connect to host blockchain.info:443 ssl:default [getaddrinfo failed]
2025-01-04 17:01:14,672 - Ошибка при запросе к Blockchain API для адреса 1DYNX4AafDAwUNggp3hR8g8mLDRjk6wyzF: Cannot connect to host blockchain.info:443 ssl:default [getaddrinfo failed]
2025-01-04 17:01:14,674 - Ошибка при запросе к Blockchair API для адреса 1MaLrxoHSTXuiMYE83p9iWFKomnuhF8yLh: Cannot connect to host api.blockchair.com:443 ssl:default [getaddrinfo failed]
2025-01-04 17:01:14,675 - Ошибка при запросе к Blockchair API для адреса 15DEpgfWgNqFxbcYPmWtA2TQq8koMYRcbF: Cannot connect to host api.blockchair.com:443 ssl:default [getaddrinfo failed]
2025-01-04 17:01:14,676 - Ошибка при запросе к Blockchair API для адреса 19vovVzeDqKHTepJiGPeSj5M83AvNNa2Hm: Cannot connect to host api.blockchair.com:443 ssl:default [getaddrinfo failed]
2025-01-04 17:01:14,676 - Ошибка при запросе к Blockchair API для адреса 18ZjKSXVnvjVob8DQFMvL2mhj4pRY68M64: Cannot connect to host api.blockchair.com:443 ssl:default [getaddrinfo failed]
2025-01-04 17:01:14,679 - Ошибка при запросе к Blockchair API для адреса 1DYNX4AafDAwUNggp3hR8g8mLDRjk6wyzF: Cannot connect to host api.blockchair.com:443 ssl:default [getaddrinfo failed]
2025-01-04 17:01:14,990 - Ошибка при запросе к Blockstream API для адреса 1FY3MAyRLq2o3saxkr8Vz8z6JMfYJP3USX: Cannot connect to host blockstream.info:443 ssl:default [getaddrinfo failed]
2025-01-04 17:01:14,993 - Ошибка при запросе к Blockstream API для адреса 1AtmeD4rUpSGWQaCfi5E6y5G5LFNCoxrYG: Cannot connect to host blockstream.info:443 ssl:default [getaddrinfo failed]
2025-01-04 17:01:14,994 - Ошибка при запросе к Blockstream API для адреса 1KguTCFFtSxLV7ySXGpbE72RYMQrjoQtrx: Cannot connect to host blockstream.info:443 ssl:default [getaddrinfo failed]
2025-01-04 17:01:14,995 - Ошибка при запросе к Blockstream API для адреса 1LUbSGQtx9mrxHqToT1GhwAPFP74aqFoX6: Cannot connect to host blockstream.info:443 ssl:default [getaddrinfo failed]
2025-01-04 17:01:14,999 - Ошибка при запросе к Blockstream API для адреса 19Aku9eCeMUoXfSCt7jWunSfPSEky7C2Xw: Cannot connect to host blockstream.info:443 ssl:default [getaddrinfo failed]
2025-01-04 17:01:15,002 - Ошибка при запросе к Blockchain API для адреса 1AtmeD4rUpSGWQaCfi5E6y5G5LFNCoxrYG: Cannot connect to host blockchain.info:443 ssl:default [getaddrinfo failed]
2025-01-04 17:01:15,003 - Ошибка при запросе к Blockchain API для адреса 1KguTCFFtSxLV7ySXGpbE72RYMQrjoQtrx: Cannot connect to host blockchain.info:443 ssl:default [getaddrinfo failed]
2025-01-04 17:01:15,006 - Ошибка при запросе к Blockchain API для адреса 1FY3MAyRLq2o3saxkr8Vz8z6JMfYJP3USX: Cannot connect to host blockchain.info:443 ssl:default [getaddrinfo failed]
2025-01-04 17:01:15,010 - Ошибка при запросе к Blockchain API для адреса 1LUbSGQtx9mrxHqToT1GhwAPFP74aqFoX6: Cannot connect to host blockchain.info:443 ssl:default [getaddrinfo failed]
2025-01-04 17:01:15,031 - Ошибка при запросе к Blockchain API для адреса 19Aku9eCeMUoXfSCt7jWunSfPSEky7C2Xw: Cannot connect to host blockchain.info:443 ssl:default [getaddrinfo failed]
2025-01-04 17:01:15,034 - Ошибка при запросе к Blockchair API для адреса 1AtmeD4rUpSGWQaCfi5E6y5G5LFNCoxrYG: Cannot connect to host api.blockchair.com:443 ssl:default [getaddrinfo failed]
2025-01-04 17:01:15,035 - Ошибка при запросе к Blockchair API для адреса 1FY3MAyRLq2o3saxkr8Vz8z6JMfYJP3USX: Cannot connect to host api.blockchair.com:443 ssl:default [getaddrinfo failed]
2025-01-04 17:01:15,035 - Ошибка при запросе к Blockchair API для адреса 1LUbSGQtx9mrxHqToT1GhwAPFP74aqFoX6: Cannot connect to host api.blockchair.com:443 ssl:default [getaddrinfo failed]
2025-01-04 17:01:15,036 - Ошибка при запросе к Blockchair API для адреса 1KguTCFFtSxLV7ySXGpbE72RYMQrjoQtrx: Cannot connect to host api.blockchair.com:443 ssl:default [getaddrinfo failed]
2025-01-04 17:01:15,061 - Ошибка при запросе к Blockchair API для адреса 19Aku9eCeMUoXfSCt7jWunSfPSEky7C2Xw: Cannot connect to host api.blockchair.com:443 ssl:default [getaddrinfo failed]
2025-01-04 17:01:15,410 - Ошибка при запросе к Blockstream API для адреса 19hLTFGZiad3bMjVf2niiPsFhXQJuPPH66: Cannot connect to host blockstream.info:443 ssl:default [getaddrinfo failed]
2025-01-04 17:01:15,413 - Ошибка при запросе к Blockstream API для адреса 16dXJtuRjxLsFK8G1K1HycatSytz7F2dD4: Cannot connect to host blockstream.info:443 ssl:default [getaddrinfo failed]
2025-01-04 17:01:15,414 - Ошибка при запросе к Blockstream API для адреса 13seMarysny5Gr1VHJ3hXznpxKJAbfPrS4: Cannot connect to host blockstream.info:443 ssl:default [getaddrinfo failed]
2025-01-04 17:01:15,415 - Ошибка при запросе к Blockstream API для адреса 17XdN7GuAD9SuBMpguCR2GgZN7xnK3qpvc: Cannot connect to host blockstream.info:443 ssl:default [getaddrinfo failed]
2025-01-04 17:01:15,418 - Ошибка при запросе к Blockstream API для адреса 187SpTA658UxzfhZatHoXDA8LHxCU8FxxH: Cannot connect to host blockstream.info:443 ssl:default [getaddrinfo failed]
2025-01-04 17:01:15,419 - Ошибка при запросе к Blockchain API для адреса 16dXJtuRjxLsFK8G1K1HycatSytz7F2dD4: Cannot connect to host blockchain.info:443 ssl:default [getaddrinfo failed]
2025-01-04 17:01:15,420 - Ошибка при запросе к Blockchain API для адреса 17XdN7GuAD9SuBMpguCR2GgZN7xnK3qpvc: Cannot connect to host blockchain.info:443 ssl:default [getaddrinfo failed]
2025-01-04 17:01:15,421 - Ошибка при запросе к Blockchain API для адреса 13seMarysny5Gr1VHJ3hXznpxKJAbfPrS4: Cannot connect to host blockchain.info:443 ssl:default [getaddrinfo failed]
2025-01-04 17:01:15,422 - Ошибка при запросе к Blockchain API для адреса 19hLTFGZiad3bMjVf2niiPsFhXQJuPPH66: Cannot connect to host blockchain.info:443 ssl:default [getaddrinfo failed]
2025-01-04 17:01:15,423 - Ошибка при запросе к Blockchain API для адреса 187SpTA658UxzfhZatHoXDA8LHxCU8FxxH: Cannot connect to host blockchain.info:443 ssl:default [getaddrinfo failed]
2025-01-04 17:01:15,425 - Ошибка при запросе к Blockchair API для адреса 16dXJtuRjxLsFK8G1K1HycatSytz7F2dD4: Cannot connect to host api.blockchair.com:443 ssl:default [getaddrinfo failed]
2025-01-04 17:01:15,425 - Ошибка при запросе к Blockchair API для адреса 13seMarysny5Gr1VHJ3hXznpxKJAbfPrS4: Cannot connect to host api.blockchair.com:443 ssl:default [getaddrinfo failed]
2025-01-04 17:01:15,426 - Ошибка при запросе к Blockchair API для адреса 19hLTFGZiad3bMjVf2niiPsFhXQJuPPH66: Cannot connect to host api.blockchair.com:443 ssl:default [getaddrinfo failed]
2025-01-04 17:01:15,427 - Ошибка при запросе к Blockchair API для адреса 17XdN7GuAD9SuBMpguCR2GgZN7xnK3qpvc: Cannot connect to host api.blockchair.com:443 ssl:default [getaddrinfo failed]
2025-01-04 17:01:15,429 - Ошибка при запросе к Blockchair API для адреса 187SpTA658UxzfhZatHoXDA8LHxCU8FxxH: Cannot connect to host api.blockchair.com:443 ssl:default [getaddrinfo failed]
2025-01-04 17:01:15,772 - Ошибка при запросе к Blockstream API для адреса 1ETW3FYggK2xDgtuKuhezaMqKZnEaFhuWW: Cannot connect to host blockstream.info:443 ssl:default [getaddrinfo failed]
2025-01-04 17:01:15,775 - Ошибка при запросе к Blockstream API для адреса 1kmbEt8kNciG4Y9yEtPZBHoUMBZ4vywWP: Cannot connect to host blockstream.info:443 ssl:default [getaddrinfo failed]
2025-01-04 17:01:15,776 - Ошибка при запросе к Blockstream API для адреса 1EQAqvYzkQwYjQQsFuQZ5nFJ2ZmQoTTwhv: Cannot connect to host blockstream.info:443 ssl:default [getaddrinfo failed]
2025-01-04 17:01:15,776 - Ошибка при запросе к Blockstream API для адреса 1AAo3szeWJtpXbkHjhgwibKjLMUeVB6Ljp: Cannot connect to host blockstream.info:443 ssl:default [getaddrinfo failed]
2025-01-04 17:01:15,778 - Ошибка при запросе к Blockstream API для адреса 1Ey17n37DUerUWHPo68toFF7VBAE9iS2Tn: Cannot connect to host blockstream.info:443 ssl:default [getaddrinfo failed]
2025-01-04 17:01:15,780 - Ошибка при запросе к Blockchain API для адреса 1EQAqvYzkQwYjQQsFuQZ5nFJ2ZmQoTTwhv: Cannot connect to host blockchain.info:443 ssl:default [getaddrinfo failed]
2025-01-04 17:01:15,781 - Ошибка при запросе к Blockchain API для адреса 1AAo3szeWJtpXbkHjhgwibKjLMUeVB6Ljp: Cannot connect to host blockchain.info:443 ssl:default [getaddrinfo failed]
2025-01-04 17:01:15,782 - Ошибка при запросе к Blockchain API для адреса 1ETW3FYggK2xDgtuKuhezaMqKZnEaFhuWW: Cannot connect to host blockchain.info:443 ssl:default [getaddrinfo failed]
2025-01-04 17:01:15,782 - Ошибка при запросе к Blockchain API для адреса 1kmbEt8kNciG4Y9yEtPZBHoUMBZ4vywWP: Cannot connect to host blockchain.info:443 ssl:default [getaddrinfo failed]
2025-01-04 17:01:15,783 - Ошибка при запросе к Blockchain API для адреса 1Ey17n37DUerUWHPo68toFF7VBAE9iS2Tn: Cannot connect to host blockchain.info:443 ssl:default [getaddrinfo failed]
2025-01-04 17:01:15,785 - Ошибка при запросе к Blockchair API для адреса 1EQAqvYzkQwYjQQsFuQZ5nFJ2ZmQoTTwhv: Cannot connect to host api.blockchair.com:443 ssl:default [getaddrinfo failed]
2025-01-04 17:01:15,786 - Ошибка при запросе к Blockchair API для адреса 1kmbEt8kNciG4Y9yEtPZBHoUMBZ4vywWP: Cannot connect to host api.blockchair.com:443 ssl:default [getaddrinfo failed]
2025-01-04 17:01:15,786 - Ошибка при запросе к Blockchair API для адреса 1AAo3szeWJtpXbkHjhgwibKjLMUeVB6Ljp: Cannot connect to host api.blockchair.com:443 ssl:default [getaddrinfo failed]
2025-01-04 17:01:15,790 - Ошибка при запросе к Blockchair API для адреса 1ETW3FYggK2xDgtuKuhezaMqKZnEaFhuWW: Cannot connect to host api.blockchair.com:443 ssl:default [getaddrinfo failed]
2025-01-04 17:01:15,791 - Ошибка при запросе к Blockchair API для адреса 1Ey17n37DUerUWHPo68toFF7VBAE9iS2Tn: Cannot connect to host api.blockchair.com:443 ssl:default [getaddrinfo failed]
2025-01-04 17:01:16,098 - Ошибка при запросе к Blockstream API для адреса 13kphgngdMeNjeRehrsHTZhvjmW93wWush: Cannot connect to host blockstream.info:443 ssl:default [getaddrinfo failed]
2025-01-04 17:01:16,098 - Ошибка при запросе к Blockstream API для адреса 1EkMAf3N4U4N4amMoRVQDzJAyLw1yp8pff: Cannot connect to host blockstream.info:443 ssl:default [getaddrinfo failed]
2025-01-04 17:01:16,099 - Ошибка при запросе к Blockstream API для адреса 1FLZwaxfcbNaRGSkb5zqpPtSdeMSGSEAV7: Cannot connect to host blockstream.info:443 ssl:default [getaddrinfo failed]
2025-01-04 17:01:16,099 - Ошибка при запросе к Blockstream API для адреса 1PhX9HdHCt8CqYbMLBoPf9SjH5VFDwAhHg: Cannot connect to host blockstream.info:443 ssl:default [getaddrinfo failed]
2025-01-04 17:01:16,122 - Ошибка при запросе к Blockstream API для адреса 1EJJYWfAuS1BfxdpbJStPdL3MT6GV2SsnG: Cannot connect to host blockstream.info:443 ssl:default [getaddrinfo failed]
2025-01-04 17:01:16,124 - Ошибка при запросе к Blockchain API для адреса 1EkMAf3N4U4N4amMoRVQDzJAyLw1yp8pff: Cannot connect to host blockchain.info:443 ssl:default [getaddrinfo failed]
2025-01-04 17:01:16,124 - Ошибка при запросе к Blockchain API для адреса 13kphgngdMeNjeRehrsHTZhvjmW93wWush: Cannot connect to host blockchain.info:443 ssl:default [getaddrinfo failed]
2025-01-04 17:01:16,125 - Ошибка при запросе к Blockchain API для адреса 1FLZwaxfcbNaRGSkb5zqpPtSdeMSGSEAV7: Cannot connect to host blockchain.info:443 ssl:default [getaddrinfo failed]
2025-01-04 17:01:16,126 - Ошибка при запросе к Blockchain API для адреса 1PhX9HdHCt8CqYbMLBoPf9SjH5VFDwAhHg: Cannot connect to host blockchain.info:443 ssl:default [getaddrinfo failed]
2025-01-04 17:01:16,129 - Ошибка при запросе к Blockchain API для адреса 1EJJYWfAuS1BfxdpbJStPdL3MT6GV2SsnG: Cannot connect to host blockchain.info:443 ssl:default [getaddrinfo failed]
2025-01-04 17:01:16,130 - Ошибка при запросе к Blockchair API для адреса 1FLZwaxfcbNaRGSkb5zqpPtSdeMSGSEAV7: Cannot connect to host api.blockchair.com:443 ssl:default [getaddrinfo failed]
2025-01-04 17:01:16,131 - Ошибка при запросе к Blockchair API для адреса 1EkMAf3N4U4N4amMoRVQDzJAyLw1yp8pff: Cannot connect to host api.blockchair.com:443 ssl:default [getaddrinfo failed]
2025-01-04 17:01:16,132 - Ошибка при запросе к Blockchair API для адреса 13kphgngdMeNjeRehrsHTZhvjmW93wWush: Cannot connect to host api.blockchair.com:443 ssl:default [getaddrinfo failed]
2025-01-04 17:01:16,132 - Ошибка при запросе к Blockchair API для адреса 1PhX9HdHCt8CqYbMLBoPf9SjH5VFDwAhHg: Cannot connect to host api.blockchair.com:443 ssl:default [getaddrinfo failed]
2025-01-04 17:01:16,137 - Ошибка при запросе к Blockchair API для адреса 1EJJYWfAuS1BfxdpbJStPdL3MT6GV2SsnG: Cannot connect to host api.blockchair.com:443 ssl:default [getaddrinfo failed]
2025-01-04 17:01:16,465 - Ошибка при запросе к Blockstream API для адреса 1PeoXPxg2QDn38mgN7EZQRmqVm6AT41vZa: Cannot connect to host blockstream.info:443 ssl:default [getaddrinfo failed]
2025-01-04 17:01:16,466 - Ошибка при запросе к Blockstream API для адреса 14HBjJbLojRiMUKyVCVDWtcGhuKbHzpznS: Cannot connect to host blockstream.info:443 ssl:default [getaddrinfo failed]
2025-01-04 17:01:16,466 - Ошибка при запросе к Blockstream API для адреса 19VKEf8ag2Z2qZxkFmyGDLHNNeopBZrwh3: Cannot connect to host blockstream.info:443 ssl:default [getaddrinfo failed]
2025-01-04 17:01:16,467 - Ошибка при запросе к Blockstream API для адреса 1Bcm4ySG8r2moWH4BAbJZYNJbJ6jVkCxLz: Cannot connect to host blockstream.info:443 ssl:default [getaddrinfo failed]
2025-01-04 17:01:16,468 - Ошибка при запросе к Blockstream API для адреса 1NFikjBB7miBxYMHr2QnbQwFU6DG8kz3cK: Cannot connect to host blockstream.info:443 ssl:default [getaddrinfo failed]
2025-01-04 17:01:16,469 - Ошибка при запросе к Blockchain API для адреса 1Bcm4ySG8r2moWH4BAbJZYNJbJ6jVkCxLz: Cannot connect to host blockchain.info:443 ssl:default [getaddrinfo failed]
2025-01-04 17:01:16,469 - Ошибка при запросе к Blockchain API для адреса 1PeoXPxg2QDn38mgN7EZQRmqVm6AT41vZa: Cannot connect to host blockchain.info:443 ssl:default [getaddrinfo failed]
2025-01-04 17:01:16,473 - Ошибка при запросе к Blockchain API для адреса 14HBjJbLojRiMUKyVCVDWtcGhuKbHzpznS: Cannot connect to host blockchain.info:443 ssl:default [getaddrinfo failed]
2025-01-04 17:01:16,474 - Ошибка при запросе к Blockchain API для адреса 19VKEf8ag2Z2qZxkFmyGDLHNNeopBZrwh3: Cannot connect to host blockchain.info:443 ssl:default [getaddrinfo failed]
2025-01-04 17:01:16,476 - Ошибка при запросе к Blockchain API для адреса 1NFikjBB7miBxYMHr2QnbQwFU6DG8kz3cK: Cannot connect to host blockchain.info:443 ssl:default [getaddrinfo failed]
2025-01-04 17:01:16,477 - Ошибка при запросе к Blockchair API для адреса 1PeoXPxg2QDn38mgN7EZQRmqVm6AT41vZa: Cannot connect to host api.blockchair.com:443 ssl:default [getaddrinfo failed]
2025-01-04 17:01:16,478 - Ошибка при запросе к Blockchair API для адреса 1Bcm4ySG8r2moWH4BAbJZYNJbJ6jVkCxLz: Cannot connect to host api.blockchair.com:443 ssl:default [getaddrinfo failed]
2025-01-04 17:01:16,502 - Ошибка при запросе к Blockchair API для адреса 19VKEf8ag2Z2qZxkFmyGDLHNNeopBZrwh3: Cannot connect to host api.blockchair.com:443 ssl:default [getaddrinfo failed]
2025-01-04 17:01:16,504 - Ошибка при запросе к Blockchair API для адреса 14HBjJbLojRiMUKyVCVDWtcGhuKbHzpznS: Cannot connect to host api.blockchair.com:443 ssl:default [getaddrinfo failed]
2025-01-04 17:01:16,514 - Ошибка при запросе к Blockchair API для адреса 1NFikjBB7miBxYMHr2QnbQwFU6DG8kz3cK: Cannot connect to host api.blockchair.com:443 ssl:default [getaddrinfo failed]
2025-01-04 17:01:16,840 - Ошибка при запросе к Blockstream API для адреса 1NCDY3ccgsd5YM4Vy44yJ1KFKUqg7PZjEA: Cannot connect to host blockstream.info:443 ssl:default [getaddrinfo failed]
2025-01-04 17:01:16,840 - Ошибка при запросе к Blockstream API для адреса 14GHJm29NwzaY6ZDVLoiX6TDfpaqhUo2YZ: Cannot connect to host blockstream.info:443 ssl:default [getaddrinfo failed]
2025-01-04 17:01:16,841 - Ошибка при запросе к Blockstream API для адреса 1DfLaSzgCjh6bGWcTC2L9yj8bTVTyjbKEt: Cannot connect to host blockstream.info:443 ssl:default [getaddrinfo failed]
2025-01-04 17:01:16,843 - Ошибка при запросе к Blockstream API для адреса 18aqUHdTWMejZHKRjkR7Ue8LuDfAxpeDQ2: Cannot connect to host blockstream.info:443 ssl:default [getaddrinfo failed]
2025-01-04 17:01:16,844 - Ошибка при запросе к Blockstream API для адреса 1FbUwHHm3pqejr4D7KtdcBYQTn25EQqxi2: Cannot connect to host blockstream.info:443 ssl:default [getaddrinfo failed]
2025-01-04 17:01:16,846 - Ошибка при запросе к Blockchain API для адреса 1NCDY3ccgsd5YM4Vy44yJ1KFKUqg7PZjEA: Cannot connect to host blockchain.info:443 ssl:default [getaddrinfo failed]
2025-01-04 17:01:16,846 - Ошибка при запросе к Blockchain API для адреса 1DfLaSzgCjh6bGWcTC2L9yj8bTVTyjbKEt: Cannot connect to host blockchain.info:443 ssl:default [getaddrinfo failed]
2025-01-04 17:01:16,847 - Ошибка при запросе к Blockchain API для адреса 14GHJm29NwzaY6ZDVLoiX6TDfpaqhUo2YZ: Cannot connect to host blockchain.info:443 ssl:default [getaddrinfo failed]
2025-01-04 17:01:16,847 - Ошибка при запросе к Blockchain API для адреса 18aqUHdTWMejZHKRjkR7Ue8LuDfAxpeDQ2: Cannot connect to host blockchain.info:443 ssl:default [getaddrinfo failed]
2025-01-04 17:01:16,848 - Ошибка при запросе к Blockchain API для адреса 1FbUwHHm3pqejr4D7KtdcBYQTn25EQqxi2: Cannot connect to host blockchain.info:443 ssl:default [getaddrinfo failed]
2025-01-04 17:01:16,854 - Ошибка при запросе к Blockchair API для адреса 1NCDY3ccgsd5YM4Vy44yJ1KFKUqg7PZjEA: Cannot connect to host api.blockchair.com:443 ssl:default [getaddrinfo failed]
2025-01-04 17:01:16,859 - Ошибка при запросе к Blockchair API для адреса 18aqUHdTWMejZHKRjkR7Ue8LuDfAxpeDQ2: Cannot connect to host api.blockchair.com:443 ssl:default [getaddrinfo failed]
2025-01-04 17:01:16,860 - Ошибка при запросе к Blockchair API для адреса 1DfLaSzgCjh6bGWcTC2L9yj8bTVTyjbKEt: Cannot connect to host api.blockchair.com:443 ssl:default [getaddrinfo failed]
2025-01-04 17:01:16,861 - Ошибка при запросе к Blockchair API для адреса 1FbUwHHm3pqejr4D7KtdcBYQTn25EQqxi2: Cannot connect to host api.blockchair.com:443 ssl:default [getaddrinfo failed]
2025-01-04 17:01:16,862 - Ошибка при запросе к Blockchair API для адреса 14GHJm29NwzaY6ZDVLoiX6TDfpaqhUo2YZ: Cannot connect to host api.blockchair.com:443 ssl:default [getaddrinfo failed]
2025-01-04 17:01:17,150 - Ошибка при запросе к Blockstream API для адреса 1G942SKEYm7vQSLxLM39hw3gyf4HaUbYdv: Cannot connect to host blockstream.info:443 ssl:default [getaddrinfo failed]
2025-01-04 17:01:17,150 - Ошибка при запросе к Blockstream API для адреса 13Y1yWP9jw6FE25FcxcBV9CifsPR1Yp3xg: Cannot connect to host blockstream.info:443 ssl:default [getaddrinfo failed]
2025-01-04 17:01:17,151 - Ошибка при запросе к Blockstream API для адреса 12ABcBpspuvMphXf4sXSV14cys5v6K7nta: Cannot connect to host blockstream.info:443 ssl:default [getaddrinfo failed]
2025-01-04 17:01:17,152 - Ошибка при запросе к Blockstream API для адреса 1NXu1Zcymwymb1r58nsXNb4gnhSBWd933y: Cannot connect to host blockstream.info:443 ssl:default [getaddrinfo failed]
2025-01-04 17:01:17,154 - Ошибка при запросе к Blockstream API для адреса 1GeJTKyvVkBKhK2JR7j1wwQ4rbkTXRcr4V: Cannot connect to host blockstream.info:443 ssl:default [getaddrinfo failed]
2025-01-04 17:01:17,156 - Ошибка при запросе к Blockchain API для адреса 13Y1yWP9jw6FE25FcxcBV9CifsPR1Yp3xg: Cannot connect to host blockchain.info:443 ssl:default [getaddrinfo failed]
2025-01-04 17:01:17,157 - Ошибка при запросе к Blockchain API для адреса 1NXu1Zcymwymb1r58nsXNb4gnhSBWd933y: Cannot connect to host blockchain.info:443 ssl:default [getaddrinfo failed]
2025-01-04 17:01:17,158 - Ошибка при запросе к Blockchain API для адреса 12ABcBpspuvMphXf4sXSV14cys5v6K7nta: Cannot connect to host blockchain.info:443 ssl:default [getaddrinfo failed]
2025-01-04 17:01:17,159 - Ошибка при запросе к Blockchain API для адреса 1G942SKEYm7vQSLxLM39hw3gyf4HaUbYdv: Cannot connect to host blockchain.info:443 ssl:default [getaddrinfo failed]
2025-01-04 17:01:17,161 - Ошибка при запросе к Blockchain API для адреса 1GeJTKyvVkBKhK2JR7j1wwQ4rbkTXRcr4V: Cannot connect to host blockchain.info:443 ssl:default [getaddrinfo failed]
2025-01-04 17:01:17,164 - Ошибка при запросе к Blockchair API для адреса 13Y1yWP9jw6FE25FcxcBV9CifsPR1Yp3xg: Cannot connect to host api.blockchair.com:443 ssl:default [getaddrinfo failed]
2025-01-04 17:01:17,165 - Ошибка при запросе к Blockchair API для адреса 1G942SKEYm7vQSLxLM39hw3gyf4HaUbYdv: Cannot connect to host api.blockchair.com:443 ssl:default [getaddrinfo failed]
2025-01-04 17:01:17,166 - Ошибка при запросе к Blockchair API для адреса 12ABcBpspuvMphXf4sXSV14cys5v6K7nta: Cannot connect to host api.blockchair.com:443 ssl:default [getaddrinfo failed]
2025-01-04 17:01:17,167 - Ошибка при запросе к Blockchair API для адреса 1NXu1Zcymwymb1r58nsXNb4gnhSBWd933y: Cannot connect to host api.blockchair.com:443 ssl:default [getaddrinfo failed]
2025-01-04 17:01:17,173 - Ошибка при запросе к Blockchair API для адреса 1GeJTKyvVkBKhK2JR7j1wwQ4rbkTXRcr4V: Cannot connect to host api.blockchair.com:443 ssl:default [getaddrinfo failed]
2025-01-04 17:01:17,503 - Ошибка при запросе к Blockstream API для адреса 1dWY9YAmeb3tD7GqFGcJfDTX8JK3uBTrE: Cannot connect to host blockstream.info:443 ssl:default [getaddrinfo failed]
2025-01-04 17:01:17,504 - Ошибка при запросе к Blockstream API для адреса 1AeoBgxB3rt2JkZUaaJACB9kDciru4NkGf: Cannot connect to host blockstream.info:443 ssl:default [getaddrinfo failed]
2025-01-04 17:01:17,507 - Ошибка при запросе к Blockstream API для адреса 1HjyxiFLZQ1aEqpiUmpGNji2iiua6zBQvW: Cannot connect to host blockstream.info:443 ssl:default [getaddrinfo failed]
2025-01-04 17:01:17,509 - Ошибка при запросе к Blockstream API для адреса 1E3wSAUipw3V3SyHUxV7vWy3zjkrDSN6wR: Cannot connect to host blockstream.info:443 ssl:default [getaddrinfo failed]
2025-01-04 17:01:17,512 - Ошибка при запросе к Blockstream API для адреса 1PvMgERoakj5b1ChDiamcDRrbWqp7TeaWo: Cannot connect to host blockstream.info:443 ssl:default [getaddrinfo failed]
2025-01-04 17:01:17,514 - Ошибка при запросе к Blockchain API для адреса 1HjyxiFLZQ1aEqpiUmpGNji2iiua6zBQvW: Cannot connect to host blockchain.info:443 ssl:default [getaddrinfo failed]
2025-01-04 17:01:17,515 - Ошибка при запросе к Blockchain API для адреса 1dWY9YAmeb3tD7GqFGcJfDTX8JK3uBTrE: Cannot connect to host blockchain.info:443 ssl:default [getaddrinfo failed]
2025-01-04 17:01:17,516 - Ошибка при запросе к Blockchain API для адреса 1AeoBgxB3rt2JkZUaaJACB9kDciru4NkGf: Cannot connect to host blockchain.info:443 ssl:default [getaddrinfo failed]
2025-01-04 17:01:17,517 - Ошибка при запросе к Blockchain API для адреса 1E3wSAUipw3V3SyHUxV7vWy3zjkrDSN6wR: Cannot connect to host blockchain.info:443 ssl:default [getaddrinfo failed]
2025-01-04 17:01:17,520 - Ошибка при запросе к Blockchain API для адреса 1PvMgERoakj5b1ChDiamcDRrbWqp7TeaWo: Cannot connect to host blockchain.info:443 ssl:default [getaddrinfo failed]
2025-01-04 17:01:17,540 - Ошибка при запросе к Blockchair API для адреса 1dWY9YAmeb3tD7GqFGcJfDTX8JK3uBTrE: Cannot connect to host api.blockchair.com:443 ssl:default [getaddrinfo failed]
2025-01-04 17:01:17,541 - Ошибка при запросе к Blockchair API для адреса 1HjyxiFLZQ1aEqpiUmpGNji2iiua6zBQvW: Cannot connect to host api.blockchair.com:443 ssl:default [getaddrinfo failed]
2025-01-04 17:01:17,542 - Ошибка при запросе к Blockchair API для адреса 1AeoBgxB3rt2JkZUaaJACB9kDciru4NkGf: Cannot connect to host api.blockchair.com:443 ssl:default [getaddrinfo failed]
2025-01-04 17:01:17,542 - Ошибка при запросе к Blockchair API для адреса 1E3wSAUipw3V3SyHUxV7vWy3zjkrDSN6wR: Cannot connect to host api.blockchair.com:443 ssl:default [getaddrinfo failed]
2025-01-04 17:01:17,545 - Ошибка при запросе к Blockchair API для адреса 1PvMgERoakj5b1ChDiamcDRrbWqp7TeaWo: Cannot connect to host api.blockchair.com:443 ssl:default [getaddrinfo failed]
2025-01-04 17:01:17,872 - Ошибка при запросе к Blockstream API для адреса 1LBWxWMTBteBpuBQvJhZvCDnngoNkhSyvV: Cannot connect to host blockstream.info:443 ssl:default [getaddrinfo failed]
2025-01-04 17:01:17,874 - Ошибка при запросе к Blockstream API для адреса 1J5RydUz1U6d87faRbfSnif3mSpTYPoMWY: Cannot connect to host blockstream.info:443 ssl:default [getaddrinfo failed]
2025-01-04 17:01:17,875 - Ошибка при запросе к Blockstream API для адреса 1MW6uk1KhsySQ88VJb3WxsQ5m5xaAodKcm: Cannot connect to host blockstream.info:443 ssl:default [getaddrinfo failed]
2025-01-04 17:01:17,876 - Ошибка при запросе к Blockstream API для адреса 1peXoMSFkzeUvqnwfqg42z4MCdDwg1ynG: Cannot connect to host blockstream.info:443 ssl:default [getaddrinfo failed]
2025-01-04 17:01:17,878 - Ошибка при запросе к Blockstream API для адреса 1KM9Nro6FhbYZGLvZaPc7gDbsW5uqJxvAG: Cannot connect to host blockstream.info:443 ssl:default [getaddrinfo failed]
2025-01-04 17:01:17,880 - Ошибка при запросе к Blockchain API для адреса 1LBWxWMTBteBpuBQvJhZvCDnngoNkhSyvV: Cannot connect to host blockchain.info:443 ssl:default [getaddrinfo failed]
2025-01-04 17:01:17,881 - Ошибка при запросе к Blockchain API для адреса 1J5RydUz1U6d87faRbfSnif3mSpTYPoMWY: Cannot connect to host blockchain.info:443 ssl:default [getaddrinfo failed]
2025-01-04 17:01:17,882 - Ошибка при запросе к Blockchain API для адреса 1MW6uk1KhsySQ88VJb3WxsQ5m5xaAodKcm: Cannot connect to host blockchain.info:443 ssl:default [getaddrinfo failed]
2025-01-04 17:01:17,883 - Ошибка при запросе к Blockchain API для адреса 1peXoMSFkzeUvqnwfqg42z4MCdDwg1ynG: Cannot connect to host blockchain.info:443 ssl:default [getaddrinfo failed]
2025-01-04 17:01:17,883 - Ошибка при запросе к Blockchain API для адреса 1KM9Nro6FhbYZGLvZaPc7gDbsW5uqJxvAG: Cannot connect to host blockchain.info:443 ssl:default [getaddrinfo failed]
2025-01-04 17:01:17,885 - Ошибка при запросе к Blockchair API для адреса 1LBWxWMTBteBpuBQvJhZvCDnngoNkhSyvV: Cannot connect to host api.blockchair.com:443 ssl:default [getaddrinfo failed]
2025-01-04 17:01:17,887 - Ошибка при запросе к Blockchair API для адреса 1MW6uk1KhsySQ88VJb3WxsQ5m5xaAodKcm: Cannot connect to host api.blockchair.com:443 ssl:default [getaddrinfo failed]
2025-01-04 17:01:17,888 - Ошибка при запросе к Blockchair API для адреса 1J5RydUz1U6d87faRbfSnif3mSpTYPoMWY: Cannot connect to host api.blockchair.com:443 ssl:default [getaddrinfo failed]
2025-01-04 17:01:17,889 - Ошибка при запросе к Blockchair API для адреса 1peXoMSFkzeUvqnwfqg42z4MCdDwg1ynG: Cannot connect to host api.blockchair.com:443 ssl:default [getaddrinfo failed]
2025-01-04 17:01:17,891 - Ошибка при запросе к Blockchair API для адреса 1KM9Nro6FhbYZGLvZaPc7gDbsW5uqJxvAG: Cannot connect to host api.blockchair.com:443 ssl:default [getaddrinfo failed]
2025-01-04 17:01:18,200 - Ошибка при запросе к Blockstream API для адреса 18k9f8e6D88S8XDRZWSEMNNvaztvLBfjc4: Cannot connect to host blockstream.info:443 ssl:default [getaddrinfo failed]
2025-01-04 17:01:18,203 - Ошибка при запросе к Blockstream API для адреса 1NkexXtG6CoYk8cWvU5MZbo2eRr9FybrGH: Cannot connect to host blockstream.info:443 ssl:default [getaddrinfo failed]
2025-01-04 17:01:18,214 - Ошибка при запросе к Blockstream API для адреса 1EUNaqYo3nPwDj4QCGKe9dACGPqpyoyG6x: Cannot connect to host blockstream.info:443 ssl:default [getaddrinfo failed]
2025-01-04 17:01:18,216 - Ошибка при запросе к Blockstream API для адреса 1GG5vpia7s4XZukAJjjt1ftN1hwdHvcHR6: Cannot connect to host blockstream.info:443 ssl:default [getaddrinfo failed]
2025-01-04 17:01:18,218 - Ошибка при запросе к Blockstream API для адреса 1Ly3GZKmuyHwTSCf2GY891qLf58fR3cLtx: Cannot connect to host blockstream.info:443 ssl:default [getaddrinfo failed]
2025-01-04 17:01:18,222 - Ошибка при запросе к Blockchain API для адреса 1NkexXtG6CoYk8cWvU5MZbo2eRr9FybrGH: Cannot connect to host blockchain.info:443 ssl:default [getaddrinfo failed]
2025-01-04 17:01:18,223 - Ошибка при запросе к Blockchain API для адреса 18k9f8e6D88S8XDRZWSEMNNvaztvLBfjc4: Cannot connect to host blockchain.info:443 ssl:default [getaddrinfo failed]
2025-01-04 17:01:18,224 - Ошибка при запросе к Blockchain API для адреса 1EUNaqYo3nPwDj4QCGKe9dACGPqpyoyG6x: Cannot connect to host blockchain.info:443 ssl:default [getaddrinfo failed]
2025-01-04 17:01:18,225 - Ошибка при запросе к Blockchain API для адреса 1GG5vpia7s4XZukAJjjt1ftN1hwdHvcHR6: Cannot connect to host blockchain.info:443 ssl:default [getaddrinfo failed]
2025-01-04 17:01:18,228 - Ошибка при запросе к Blockchain API для адреса 1Ly3GZKmuyHwTSCf2GY891qLf58fR3cLtx: Cannot connect to host blockchain.info:443 ssl:default [getaddrinfo failed]
2025-01-04 17:01:18,258 - Ошибка при запросе к Blockchair API для адреса 1GG5vpia7s4XZukAJjjt1ftN1hwdHvcHR6: Cannot connect to host api.blockchair.com:443 ssl:default [getaddrinfo failed]
2025-01-04 17:01:18,260 - Ошибка при запросе к Blockchair API для адреса 1NkexXtG6CoYk8cWvU5MZbo2eRr9FybrGH: Cannot connect to host api.blockchair.com:443 ssl:default [getaddrinfo failed]
2025-01-04 17:01:18,261 - Ошибка при запросе к Blockchair API для адреса 1EUNaqYo3nPwDj4QCGKe9dACGPqpyoyG6x: Cannot connect to host api.blockchair.com:443 ssl:default [getaddrinfo failed]
2025-01-04 17:01:18,264 - Ошибка при запросе к Blockchair API для адреса 18k9f8e6D88S8XDRZWSEMNNvaztvLBfjc4: Cannot connect to host api.blockchair.com:443 ssl:default [getaddrinfo failed]
2025-01-04 17:01:18,269 - Ошибка при запросе к Blockchair API для адреса 1Ly3GZKmuyHwTSCf2GY891qLf58fR3cLtx: Cannot connect to host api.blockchair.com:443 ssl:default [getaddrinfo failed]
2025-01-04 17:01:18,623 - Ошибка при запросе к Blockstream API для адреса 1DfzndSDyWBEPFxrxpPGtgY8Yvy9bPbGGq: Cannot connect to host blockstream.info:443 ssl:default [getaddrinfo failed]
2025-01-04 17:01:18,625 - Ошибка при запросе к Blockstream API для адреса 1BtXUj5haW8cn3qoNmpajRoREX4QxLQpxz: Cannot connect to host blockstream.info:443 ssl:default [getaddrinfo failed]
2025-01-04 17:01:18,626 - Ошибка при запросе к Blockstream API для адреса 1FoPhAEK9b2YscwpQTo7wxyauAkFAkiuGj: Cannot connect to host blockstream.info:443 ssl:default [getaddrinfo failed]
2025-01-04 17:01:18,626 - Ошибка при запросе к Blockstream API для адреса 15Kqjarmgyg6w2G7TqovvAG7RVuLGEHtqA: Cannot connect to host blockstream.info:443 ssl:default [getaddrinfo failed]
2025-01-04 17:01:18,629 - Ошибка при запросе к Blockstream API для адреса 1P3cM94ybSQQT4QyJf7JNFLQZbBhTWiPtT: Cannot connect to host blockstream.info:443 ssl:default [getaddrinfo failed]
2025-01-04 17:01:18,630 - Ошибка при запросе к Blockchain API для адреса 1BtXUj5haW8cn3qoNmpajRoREX4QxLQpxz: Cannot connect to host blockchain.info:443 ssl:default [getaddrinfo failed]
2025-01-04 17:01:18,631 - Ошибка при запросе к Blockchain API для адреса 1DfzndSDyWBEPFxrxpPGtgY8Yvy9bPbGGq: Cannot connect to host blockchain.info:443 ssl:default [getaddrinfo failed]
2025-01-04 17:01:18,631 - Ошибка при запросе к Blockchain API для адреса 1FoPhAEK9b2YscwpQTo7wxyauAkFAkiuGj: Cannot connect to host blockchain.info:443 ssl:default [getaddrinfo failed]
2025-01-04 17:01:18,632 - Ошибка при запросе к Blockchain API для адреса 15Kqjarmgyg6w2G7TqovvAG7RVuLGEHtqA: Cannot connect to host blockchain.info:443 ssl:default [getaddrinfo failed]
2025-01-04 17:01:18,633 - Ошибка при запросе к Blockchain API для адреса 1P3cM94ybSQQT4QyJf7JNFLQZbBhTWiPtT: Cannot connect to host blockchain.info:443 ssl:default [getaddrinfo failed]
2025-01-04 17:01:18,635 - Ошибка при запросе к Blockchair API для адреса 1DfzndSDyWBEPFxrxpPGtgY8Yvy9bPbGGq: Cannot connect to host api.blockchair.com:443 ssl:default [getaddrinfo failed]
2025-01-04 17:01:18,635 - Ошибка при запросе к Blockchair API для адреса 1FoPhAEK9b2YscwpQTo7wxyauAkFAkiuGj: Cannot connect to host api.blockchair.com:443 ssl:default [getaddrinfo failed]
2025-01-04 17:01:18,636 - Ошибка при запросе к Blockchair API для адреса 15Kqjarmgyg6w2G7TqovvAG7RVuLGEHtqA: Cannot connect to host api.blockchair.com:443 ssl:default [getaddrinfo failed]
2025-01-04 17:01:18,638 - Ошибка при запросе к Blockchair API для адреса 1BtXUj5haW8cn3qoNmpajRoREX4QxLQpxz: Cannot connect to host api.blockchair.com:443 ssl:default [getaddrinfo failed]
2025-01-04 17:01:18,642 - Ошибка при запросе к Blockchair API для адреса 1P3cM94ybSQQT4QyJf7JNFLQZbBhTWiPtT: Cannot connect to host api.blockchair.com:443 ssl:default [getaddrinfo failed]
2025-01-04 17:01:18,990 - Ошибка при запросе к Blockstream API для адреса 1Pe7Mcu65aZTu6hQYLbd4VoqYFHc4iJJKk: Cannot connect to host blockstream.info:443 ssl:default [getaddrinfo failed]
2025-01-04 17:01:18,992 - Ошибка при запросе к Blockstream API для адреса 1G4g998uLv6WJLmL71SDKL1cX3x1B3BPz7: Cannot connect to host blockstream.info:443 ssl:default [getaddrinfo failed]
2025-01-04 17:01:19,006 - Ошибка при запросе к Blockstream API для адреса 1HBxsHjcXegcvd5XV9Pa9BPY6rFmT9c51M: Cannot connect to host blockstream.info:443 ssl:default [getaddrinfo failed]
2025-01-04 17:01:19,007 - Ошибка при запросе к Blockstream API для адреса 182njPwxry34sygkYSjYbCwNakXaK7b1EX: Cannot connect to host blockstream.info:443 ssl:default [getaddrinfo failed]
2025-01-04 17:01:19,008 - Ошибка при запросе к Blockstream API для адреса 1FW1yixBRKuYo4yh1AFR4GwjCzydyTYyRi: Cannot connect to host blockstream.info:443 ssl:default [getaddrinfo failed]
2025-01-04 17:01:19,009 - Ошибка при запросе к Blockchain API для адреса 1HBxsHjcXegcvd5XV9Pa9BPY6rFmT9c51M: Cannot connect to host blockchain.info:443 ssl:default [getaddrinfo failed]
2025-01-04 17:01:19,010 - Ошибка при запросе к Blockchain API для адреса 182njPwxry34sygkYSjYbCwNakXaK7b1EX: Cannot connect to host blockchain.info:443 ssl:default [getaddrinfo failed]
2025-01-04 17:01:19,010 - Ошибка при запросе к Blockchain API для адреса 1G4g998uLv6WJLmL71SDKL1cX3x1B3BPz7: Cannot connect to host blockchain.info:443 ssl:default [getaddrinfo failed]
2025-01-04 17:01:19,010 - Ошибка при запросе к Blockchain API для адреса 1Pe7Mcu65aZTu6hQYLbd4VoqYFHc4iJJKk: Cannot connect to host blockchain.info:443 ssl:default [getaddrinfo failed]
2025-01-04 17:01:19,013 - Ошибка при запросе к Blockchain API для адреса 1FW1yixBRKuYo4yh1AFR4GwjCzydyTYyRi: Cannot connect to host blockchain.info:443 ssl:default [getaddrinfo failed]
2025-01-04 17:01:19,014 - Ошибка при запросе к Blockchair API для адреса 182njPwxry34sygkYSjYbCwNakXaK7b1EX: Cannot connect to host api.blockchair.com:443 ssl:default [getaddrinfo failed]
2025-01-04 17:01:19,015 - Ошибка при запросе к Blockchair API для адреса 1G4g998uLv6WJLmL71SDKL1cX3x1B3BPz7: Cannot connect to host api.blockchair.com:443 ssl:default [getaddrinfo failed]
2025-01-04 17:01:19,015 - Ошибка при запросе к Blockchair API для адреса 1HBxsHjcXegcvd5XV9Pa9BPY6rFmT9c51M: Cannot connect to host api.blockchair.com:443 ssl:default [getaddrinfo failed]
2025-01-04 17:01:19,016 - Ошибка при запросе к Blockchair API для адреса 1FW1yixBRKuYo4yh1AFR4GwjCzydyTYyRi: Cannot connect to host api.blockchair.com:443 ssl:default [getaddrinfo failed]
2025-01-04 17:01:19,017 - Ошибка при запросе к Blockchair API для адреса 1Pe7Mcu65aZTu6hQYLbd4VoqYFHc4iJJKk: Cannot connect to host api.blockchair.com:443 ssl:default [getaddrinfo failed]
